"../../../Engine/Content/EngineResources/DefaultTexture.ubulk" 0
"../../../Engine/Content/EngineResources/DefaultTexture.uasset" 1
"../../../Engine/Content/EngineResources/DefaultTexture.uexp" 2
"../../../Engine/Content/EngineResources/DefaultTextureCube.uasset" 3
"../../../Engine/Content/EngineResources/DefaultTextureCube.uexp" 4
"../../../Engine/Content/EngineResources/DefaultVolumeTexture2D.uasset" 5
"../../../Engine/Content/EngineResources/DefaultVolumeTexture2D.uexp" 6
"../../../Engine/Content/EngineResources/DefaultVolumeTexture.uasset" 7
"../../../Engine/Content/EngineResources/DefaultVolumeTexture.uexp" 8
"../../../Engine/Content/EngineMeshes/Sphere.ubulk" 9
"../../../Engine/Content/EngineMeshes/Sphere.uasset" 10
"../../../Engine/Content/EngineMeshes/Sphere.uexp" 11
"../../../Engine/Content/EngineResources/GradientTexture0.uasset" 12
"../../../Engine/Content/EngineResources/GradientTexture0.uexp" 13
"../../../Engine/Content/EngineResources/Black.uasset" 14
"../../../Engine/Content/EngineResources/Black.uexp" 15
"../../../Engine/Content/EngineMaterials/T_Default_Material_Grid_M.ubulk" 16
"../../../Engine/Content/EngineMaterials/T_Default_Material_Grid_M.uasset" 17
"../../../Engine/Content/EngineMaterials/T_Default_Material_Grid_M.uexp" 18
"../../../Engine/Content/EngineMaterials/T_Default_Material_Grid_N.ubulk" 19
"../../../Engine/Content/EngineMaterials/T_Default_Material_Grid_N.uasset" 20
"../../../Engine/Content/EngineMaterials/T_Default_Material_Grid_N.uexp" 21
"../../../Engine/Content/Functions/Engine_MaterialFunctions01/Opacity/CameraDepthFade.uasset" 22
"../../../Engine/Content/Functions/Engine_MaterialFunctions01/Opacity/CameraDepthFade.uexp" 23
"../../../Engine/Content/EngineMaterials/WorldGridMaterial.uasset" 24
"../../../Engine/Content/EngineMaterials/WorldGridMaterial.uexp" 25
"../../../Engine/Content/ArtTools/RenderToTexture/Meshes/S_1_Unit_Plane.ubulk" 26
"../../../Engine/Content/ArtTools/RenderToTexture/Meshes/S_1_Unit_Plane.uasset" 27
"../../../Engine/Content/ArtTools/RenderToTexture/Meshes/S_1_Unit_Plane.uexp" 28
"../../../Engine/Plugins/Media/MediaPlate/Content/SM_MediaPlateScreen.ubulk" 29
"../../../Engine/Plugins/Media/MediaPlate/Content/SM_MediaPlateScreen.uasset" 30
"../../../Engine/Plugins/Media/MediaPlate/Content/SM_MediaPlateScreen.uexp" 31
"../../../Engine/Content/EngineMaterials/DefaultBokeh.uasset" 32
"../../../Engine/Content/EngineMaterials/DefaultBokeh.uexp" 33
"../../../Engine/Content/EngineMaterials/MiniFont.uasset" 34
"../../../Engine/Content/EngineMaterials/MiniFont.uexp" 35
"../../../Engine/Content/EngineMaterials/WeightMapPlaceholderTexture.uasset" 36
"../../../Engine/Content/EngineMaterials/WeightMapPlaceholderTexture.uexp" 37
"../../../Engine/Content/EngineMaterials/WeightMapArrayPlaceholderTexture.uasset" 38
"../../../Engine/Content/EngineMaterials/WeightMapArrayPlaceholderTexture.uexp" 39
"../../../Engine/Content/EngineMaterials/DefaultWhiteGrid.ubulk" 40
"../../../Engine/Content/EngineMaterials/DefaultWhiteGrid.uasset" 41
"../../../Engine/Content/EngineMaterials/DefaultWhiteGrid.uexp" 42
"../../../Engine/Content/EngineMaterials/PreintegratedSkinBRDF.uasset" 43
"../../../Engine/Content/EngineMaterials/PreintegratedSkinBRDF.uexp" 44
"../../../Engine/Plugins/Runtime/MeshModelingToolset/Content/Materials/M_DynamicMeshComponentVtxColor.uasset" 45
"../../../Engine/Plugins/Runtime/MeshModelingToolset/Content/Materials/M_DynamicMeshComponentVtxColor.uexp" 46
"../../../Engine/Plugins/Interchange/Runtime/Content/Pipelines/DefaultTexturePipeline.uasset" 47
"../../../Engine/Plugins/Interchange/Runtime/Content/Pipelines/DefaultTexturePipeline.uexp" 48
"../../../Engine/Plugins/Interchange/Runtime/Content/Pipelines/DefaultSceneLevelPipeline.uasset" 49
"../../../Engine/Plugins/Interchange/Runtime/Content/Pipelines/DefaultSceneLevelPipeline.uexp" 50
"../../../Engine/Plugins/Interchange/Runtime/Content/Pipelines/DefaultSceneAssetsPipeline.uasset" 51
"../../../Engine/Plugins/Interchange/Runtime/Content/Pipelines/DefaultSceneAssetsPipeline.uexp" 52
"../../../Engine/Plugins/Interchange/Runtime/Content/Pipelines/DefaultMaterialXPipeline.uasset" 53
"../../../Engine/Plugins/Interchange/Runtime/Content/Pipelines/DefaultMaterialXPipeline.uexp" 54
"../../../Engine/Plugins/Interchange/Runtime/Content/Pipelines/DefaultMaterialPipeline.uasset" 55
"../../../Engine/Plugins/Interchange/Runtime/Content/Pipelines/DefaultMaterialPipeline.uexp" 56
"../../../Engine/Plugins/Interchange/Runtime/Content/Pipelines/DefaultGLTFSceneAssetsPipeline.uasset" 57
"../../../Engine/Plugins/Interchange/Runtime/Content/Pipelines/DefaultGLTFSceneAssetsPipeline.uexp" 58
"../../../Engine/Plugins/Interchange/Runtime/Content/Pipelines/DefaultGLTFPipeline.uasset" 59
"../../../Engine/Plugins/Interchange/Runtime/Content/Pipelines/DefaultGLTFPipeline.uexp" 60
"../../../Engine/Plugins/Interchange/Runtime/Content/Pipelines/DefaultGLTFAssetsPipeline.uasset" 61
"../../../Engine/Plugins/Interchange/Runtime/Content/Pipelines/DefaultGLTFAssetsPipeline.uexp" 62
"../../../Engine/Plugins/Interchange/Runtime/Content/Pipelines/DefaultAssetsPipeline.uasset" 63
"../../../Engine/Plugins/Interchange/Runtime/Content/Pipelines/DefaultAssetsPipeline.uexp" 64
"../../../Engine/Plugins/Interchange/Runtime/Content/Functions/MX_UsdPreviewSurface.uasset" 65
"../../../Engine/Plugins/Interchange/Runtime/Content/Functions/MX_UsdPreviewSurface.uexp" 66
"../../../Engine/Plugins/Interchange/Runtime/Content/Functions/MX_UniformEDF.uasset" 67
"../../../Engine/Plugins/Interchange/Runtime/Content/Functions/MX_UniformEDF.uexp" 68
"../../../Engine/Plugins/Interchange/Runtime/Content/Functions/MX_TranslucentBSDF.uasset" 69
"../../../Engine/Plugins/Interchange/Runtime/Content/Functions/MX_TranslucentBSDF.uexp" 70
"../../../Engine/Plugins/Interchange/Runtime/Content/Functions/MX_ThinFilmBSDF.uasset" 71
"../../../Engine/Plugins/Interchange/Runtime/Content/Functions/MX_ThinFilmBSDF.uexp" 72
"../../../Engine/Plugins/Interchange/Runtime/Content/Functions/MX_SurfaceUnlit.uasset" 73
"../../../Engine/Plugins/Interchange/Runtime/Content/Functions/MX_SurfaceUnlit.uexp" 74
"../../../Engine/Plugins/Interchange/Runtime/Content/Functions/MX_Surface.uasset" 75
"../../../Engine/Plugins/Interchange/Runtime/Content/Functions/MX_Surface.uexp" 76
"../../../Engine/Plugins/Interchange/Runtime/Content/Functions/MX_SubsurfaceBSDF.uasset" 77
"../../../Engine/Plugins/Interchange/Runtime/Content/Functions/MX_SubsurfaceBSDF.uexp" 78
"../../../Engine/Plugins/Interchange/Runtime/Content/Functions/MX_SheenBSDF.uasset" 79
"../../../Engine/Plugins/Interchange/Runtime/Content/Functions/MX_SheenBSDF.uexp" 80
"../../../Engine/Plugins/Interchange/Runtime/Content/Functions/MX_OrenNayarBSDF.uasset" 81
"../../../Engine/Plugins/Interchange/Runtime/Content/Functions/MX_OrenNayarBSDF.uexp" 82
"../../../Engine/Content/Functions/Engine_MaterialFunctions02/Utility/CameraDirectionVector.uasset" 83
"../../../Engine/Content/Functions/Engine_MaterialFunctions02/Utility/CameraDirectionVector.uexp" 84
"../../../Engine/Content/Functions/Engine_MaterialFunctions01/Volumetrics/BeersLaw.uasset" 85
"../../../Engine/Content/Functions/Engine_MaterialFunctions01/Volumetrics/BeersLaw.uexp" 86
"../../../Engine/Content/EngineMaterials/Good64x64TilingNoiseHighFreq.uasset" 87
"../../../Engine/Content/EngineMaterials/Good64x64TilingNoiseHighFreq.uexp" 88
"../../../Engine/Content/Functions/Engine_MaterialFunctions02/Texturing/ScreenAlignedPixelToPixelUVs.uasset" 89
"../../../Engine/Content/Functions/Engine_MaterialFunctions02/Texturing/ScreenAlignedPixelToPixelUVs.uexp" 90
"../../../Engine/Plugins/Interchange/Runtime/Content/gltf/MaterialFunctions/MF_Temporal_Blur.uasset" 91
"../../../Engine/Plugins/Interchange/Runtime/Content/gltf/MaterialFunctions/MF_Temporal_Blur.uexp" 92
"../../../Engine/Plugins/Interchange/Runtime/Content/gltf/MaterialFunctions/MF_Fresnel_DS.uasset" 93
"../../../Engine/Plugins/Interchange/Runtime/Content/gltf/MaterialFunctions/MF_Fresnel_DS.uexp" 94
"../../../Engine/Content/Functions/Engine_MaterialFunctions02/Utility/BreakOutFloat3Components.uasset" 95
"../../../Engine/Content/Functions/Engine_MaterialFunctions02/Utility/BreakOutFloat3Components.uexp" 96
"../../../Engine/Plugins/Interchange/Runtime/Content/Functions/MX_Transmission.uasset" 97
"../../../Engine/Plugins/Interchange/Runtime/Content/Functions/MX_Transmission.uexp" 98
"../../../Engine/Plugins/Interchange/Runtime/Content/Functions/MF_OrenNayerView.uasset" 99
"../../../Engine/Plugins/Interchange/Runtime/Content/Functions/MF_OrenNayerView.uexp" 100
"../../../Engine/Plugins/Interchange/Runtime/Content/Functions/MF_SchlickApprox.uasset" 101
"../../../Engine/Plugins/Interchange/Runtime/Content/Functions/MF_SchlickApprox.uexp" 102
"../../../Engine/Plugins/Interchange/Runtime/Content/Utilities/New_LUT.uasset" 103
"../../../Engine/Plugins/Interchange/Runtime/Content/Utilities/New_LUT.uexp" 104
"../../../Engine/Content/Functions/Engine_MaterialFunctions03/Math/RemapValueRange.uasset" 105
"../../../Engine/Content/Functions/Engine_MaterialFunctions03/Math/RemapValueRange.uexp" 106
"../../../Engine/Plugins/Interchange/Runtime/Content/Functions/MF_Iridescence.uasset" 107
"../../../Engine/Plugins/Interchange/Runtime/Content/Functions/MF_Iridescence.uexp" 108
"../../../Engine/Plugins/Interchange/Runtime/Content/Functions/MX_StandardSurface.uasset" 109
"../../../Engine/Plugins/Interchange/Runtime/Content/Functions/MX_StandardSurface.uexp" 110
"../../../Engine/Plugins/Interchange/Runtime/Content/Functions/MX_TransmissionSurface.uasset" 111
"../../../Engine/Plugins/Interchange/Runtime/Content/Functions/MX_TransmissionSurface.uexp" 112
"../../../Engine/Plugins/Interchange/Runtime/Content/Functions/MX_OpenPBR_Translucent.uasset" 113
"../../../Engine/Plugins/Interchange/Runtime/Content/Functions/MX_OpenPBR_Translucent.uexp" 114
"../../../Engine/Plugins/Interchange/Runtime/Content/Functions/MX_OpenPBR_Opaque.uasset" 115
"../../../Engine/Plugins/Interchange/Runtime/Content/Functions/MX_OpenPBR_Opaque.uexp" 116
"../../../Engine/Plugins/Interchange/Runtime/Content/Functions/MX_MeasuredEDF.uasset" 117
"../../../Engine/Plugins/Interchange/Runtime/Content/Functions/MX_MeasuredEDF.uexp" 118
"../../../Engine/Plugins/Interchange/Runtime/Content/Functions/MX_GeneralizedSchlickBSDF.uasset" 119
"../../../Engine/Plugins/Interchange/Runtime/Content/Functions/MX_GeneralizedSchlickBSDF.uexp" 120
"../../../Engine/Plugins/Interchange/Runtime/Content/Functions/MX_DielectricBSDF.uasset" 121
"../../../Engine/Plugins/Interchange/Runtime/Content/Functions/MX_DielectricBSDF.uexp" 122
"../../../Engine/Plugins/Interchange/Runtime/Content/Functions/MX_ConicalEDF.uasset" 123
"../../../Engine/Plugins/Interchange/Runtime/Content/Functions/MX_ConicalEDF.uexp" 124
"../../../Engine/Plugins/Interchange/Runtime/Content/Functions/MX_ConductorBSDF.uasset" 125
"../../../Engine/Plugins/Interchange/Runtime/Content/Functions/MX_ConductorBSDF.uexp" 126
"../../../Engine/Plugins/Interchange/Runtime/Content/Functions/MX_BurleyDiffuseBSDF.uasset" 127
"../../../Engine/Plugins/Interchange/Runtime/Content/Functions/MX_BurleyDiffuseBSDF.uexp" 128
"../../../Engine/Plugins/Interchange/Runtime/Content/Functions/MX_AnisotropicVDF.uasset" 129
"../../../Engine/Plugins/Interchange/Runtime/Content/Functions/MX_AnisotropicVDF.uexp" 130
"../../../Engine/Plugins/Interchange/Runtime/Content/Functions/MX_AbsorptionVDF.uasset" 131
"../../../Engine/Plugins/Interchange/Runtime/Content/Functions/MX_AbsorptionVDF.uexp" 132
"../../../Engine/Plugins/Editor/SpeedTreeImporter/Content/SpeedTree9/game_wind_noise.ubulk" 133
"../../../Engine/Plugins/Editor/SpeedTreeImporter/Content/SpeedTree9/game_wind_noise.uasset" 134
"../../../Engine/Plugins/Editor/SpeedTreeImporter/Content/SpeedTree9/game_wind_noise.uexp" 135
"../../../Engine/Plugins/Editor/SpeedTreeImporter/Content/SpeedTree9/UnpackDirection.uasset" 136
"../../../Engine/Plugins/Editor/SpeedTreeImporter/Content/SpeedTree9/UnpackDirection.uexp" 137
"../../../Engine/Content/Functions/Engine_MaterialFunctions02/ObjectLocalBounds.uasset" 138
"../../../Engine/Content/Functions/Engine_MaterialFunctions02/ObjectLocalBounds.uexp" 139
"../../../Engine/Content/Functions/Engine_MaterialFunctions02/UVs/BoundingBoxBased_0-1_UVW.uasset" 140
"../../../Engine/Content/Functions/Engine_MaterialFunctions02/UVs/BoundingBoxBased_0-1_UVW.uexp" 141
"../../../Engine/Content/Functions/Engine_MaterialFunctions02/Utility/VectorLength.uasset" 142
"../../../Engine/Content/Functions/Engine_MaterialFunctions02/Utility/VectorLength.uexp" 143
"../../../Engine/Plugins/Editor/SpeedTreeImporter/Content/SpeedTree9/UnpackInteger3.uasset" 144
"../../../Engine/Plugins/Editor/SpeedTreeImporter/Content/SpeedTree9/UnpackInteger3.uexp" 145
"../../../Engine/Plugins/Editor/SpeedTreeImporter/Content/SpeedTree9/SpeedTreeCameraFacing.uasset" 146
"../../../Engine/Plugins/Editor/SpeedTreeImporter/Content/SpeedTree9/SpeedTreeCameraFacing.uexp" 147
"../../../Engine/Content/Functions/Engine_MaterialFunctions02/WorldPositionOffset/ObjectScale.uasset" 148
"../../../Engine/Content/Functions/Engine_MaterialFunctions02/WorldPositionOffset/ObjectScale.uexp" 149
"../../../Engine/Content/Functions/Engine_MaterialFunctions02/SafeNormalize.uasset" 150
"../../../Engine/Content/Functions/Engine_MaterialFunctions02/SafeNormalize.uexp" 151
"../../../Engine/Plugins/Editor/SpeedTreeImporter/Content/SpeedTree9/SpeedTreeWindMotion.uasset" 152
"../../../Engine/Plugins/Editor/SpeedTreeImporter/Content/SpeedTree9/SpeedTreeWindMotion.uexp" 153
"../../../Engine/Plugins/Editor/SpeedTreeImporter/Content/SpeedTree9/SpeedTreeBranchMotion.uasset" 154
"../../../Engine/Plugins/Editor/SpeedTreeImporter/Content/SpeedTree9/SpeedTreeBranchMotion.uexp" 155
"../../../Engine/Plugins/Editor/SpeedTreeImporter/Content/SpeedTree9/SpeedTreeWind.uasset" 156
"../../../Engine/Plugins/Editor/SpeedTreeImporter/Content/SpeedTree9/SpeedTreeWind.uexp" 157
"../../../Engine/Plugins/Editor/SpeedTreeImporter/Content/SpeedTree9/EmptyNormal.uasset" 158
"../../../Engine/Plugins/Editor/SpeedTreeImporter/Content/SpeedTree9/EmptyNormal.uexp" 159
"../../../Engine/Plugins/Editor/SpeedTreeImporter/Content/SpeedTree9/Empty.uasset" 160
"../../../Engine/Plugins/Editor/SpeedTreeImporter/Content/SpeedTree9/Empty.uexp" 161
"../../../Engine/Plugins/Editor/SpeedTreeImporter/Content/SpeedTree9/SpeedTreeMaster.uasset" 162
"../../../Engine/Plugins/Editor/SpeedTreeImporter/Content/SpeedTree9/SpeedTreeMaster.uexp" 163
"../../../Engine/Plugins/Editor/SpeedTreeImporter/Content/SpeedTree9/SpeedTreeBillboard.uasset" 164
"../../../Engine/Plugins/Editor/SpeedTreeImporter/Content/SpeedTree9/SpeedTreeBillboard.uexp" 165
"../../../Engine/Plugins/Editor/SpeedTreeImporter/Content/SpeedTree9/SpeedTreeBillboardMaster.uasset" 166
"../../../Engine/Plugins/Editor/SpeedTreeImporter/Content/SpeedTree9/SpeedTreeBillboardMaster.uexp" 167
"../../../Engine/Content/Functions/Engine_MaterialFunctions02/WorldPositionOffset/CameraOffset.uasset" 168
"../../../Engine/Content/Functions/Engine_MaterialFunctions02/WorldPositionOffset/CameraOffset.uexp" 169
"../../../Engine/Plugins/Animation/ControlRig/Content/M_Manip.uasset" 170
"../../../Engine/Plugins/Animation/ControlRig/Content/M_Manip.uexp" 171
"../../../Engine/Plugins/Animation/ControlRig/Content/Controls/DefaultGizmoLibraryNormalized.uasset" 172
"../../../Engine/Plugins/Animation/ControlRig/Content/Controls/DefaultGizmoLibraryNormalized.uexp" 173
"../../../Engine/Plugins/Animation/ControlRig/Content/Controls/ControlRig_Wedge_solid.ubulk" 174
"../../../Engine/Plugins/Animation/ControlRig/Content/Controls/ControlRig_Wedge_solid.uasset" 175
"../../../Engine/Plugins/Animation/ControlRig/Content/Controls/ControlRig_Wedge_solid.uexp" 176
"../../../Engine/Plugins/Animation/ControlRig/Content/Controls/ControlRig_Wedge_3mm.ubulk" 177
"../../../Engine/Plugins/Animation/ControlRig/Content/Controls/ControlRig_Wedge_3mm.uasset" 178
"../../../Engine/Plugins/Animation/ControlRig/Content/Controls/ControlRig_Wedge_3mm.uexp" 179
"../../../Engine/Plugins/Animation/ControlRig/Content/Controls/ControlRig_Wedge_1mm.ubulk" 180
"../../../Engine/Plugins/Animation/ControlRig/Content/Controls/ControlRig_Wedge_1mm.uasset" 181
"../../../Engine/Plugins/Animation/ControlRig/Content/Controls/ControlRig_Wedge_1mm.uexp" 182
"../../../Engine/Plugins/Animation/ControlRig/Content/Controls/ControlRig_Triangle_solid.ubulk" 183
"../../../Engine/Plugins/Animation/ControlRig/Content/Controls/ControlRig_Triangle_solid.uasset" 184
"../../../Engine/Plugins/Animation/ControlRig/Content/Controls/ControlRig_Triangle_solid.uexp" 185
"../../../Engine/Plugins/Animation/ControlRig/Content/Controls/ControlRig_Triangle_3mm.ubulk" 186
"../../../Engine/Plugins/Animation/ControlRig/Content/Controls/ControlRig_Triangle_3mm.uasset" 187
"../../../Engine/Plugins/Animation/ControlRig/Content/Controls/ControlRig_Triangle_3mm.uexp" 188
"../../../Engine/Plugins/Animation/ControlRig/Content/Controls/ControlRig_Triangle_1mm.ubulk" 189
"../../../Engine/Plugins/Animation/ControlRig/Content/Controls/ControlRig_Triangle_1mm.uasset" 190
"../../../Engine/Plugins/Animation/ControlRig/Content/Controls/ControlRig_Triangle_1mm.uexp" 191
"../../../Engine/Plugins/Animation/ControlRig/Content/Controls/ControlRig_Star4_solid.ubulk" 192
"../../../Engine/Plugins/Animation/ControlRig/Content/Controls/ControlRig_Star4_solid.uasset" 193
"../../../Engine/Plugins/Animation/ControlRig/Content/Controls/ControlRig_Star4_solid.uexp" 194
"../../../Engine/Plugins/Animation/ControlRig/Content/Controls/ControlRig_Star4_3mm.ubulk" 195
"../../../Engine/Plugins/Animation/ControlRig/Content/Controls/ControlRig_Star4_3mm.uasset" 196
"../../../Engine/Plugins/Animation/ControlRig/Content/Controls/ControlRig_Star4_3mm.uexp" 197
"../../../Engine/Plugins/Animation/ControlRig/Content/Controls/ControlRig_Star4_1mm.ubulk" 198
"../../../Engine/Plugins/Animation/ControlRig/Content/Controls/ControlRig_Star4_1mm.uasset" 199
"../../../Engine/Plugins/Animation/ControlRig/Content/Controls/ControlRig_Star4_1mm.uexp" 200
"../../../Engine/Plugins/Animation/ControlRig/Content/Controls/ControlRig_Square_solid.ubulk" 201
"../../../Engine/Plugins/Animation/ControlRig/Content/Controls/ControlRig_Square_solid.uasset" 202
"../../../Engine/Plugins/Animation/ControlRig/Content/Controls/ControlRig_Square_solid.uexp" 203
"../../../Engine/Plugins/Animation/ControlRig/Content/Controls/ControlRig_Square_3mm.ubulk" 204
"../../../Engine/Plugins/Animation/ControlRig/Content/Controls/ControlRig_Square_3mm.uasset" 205
"../../../Engine/Plugins/Animation/ControlRig/Content/Controls/ControlRig_Square_3mm.uexp" 206
"../../../Engine/Plugins/Animation/ControlRig/Content/Controls/ControlRig_Square_1mm.ubulk" 207
"../../../Engine/Plugins/Animation/ControlRig/Content/Controls/ControlRig_Square_1mm.uasset" 208
"../../../Engine/Plugins/Animation/ControlRig/Content/Controls/ControlRig_Square_1mm.uexp" 209
"../../../Engine/Plugins/Animation/ControlRig/Content/Controls/ControlRig_Sphere_solid.ubulk" 210
"../../../Engine/Plugins/Animation/ControlRig/Content/Controls/ControlRig_Sphere_solid.uasset" 211
"../../../Engine/Plugins/Animation/ControlRig/Content/Controls/ControlRig_Sphere_solid.uexp" 212
"../../../Engine/Plugins/Animation/ControlRig/Content/Controls/ControlRig_Sphere_3mm.ubulk" 213
"../../../Engine/Plugins/Animation/ControlRig/Content/Controls/ControlRig_Sphere_3mm.uasset" 214
"../../../Engine/Plugins/Animation/ControlRig/Content/Controls/ControlRig_Sphere_3mm.uexp" 215
"../../../Engine/Plugins/Animation/ControlRig/Content/Controls/ControlRig_Sphere_1mm.ubulk" 216
"../../../Engine/Plugins/Animation/ControlRig/Content/Controls/ControlRig_Sphere_1mm.uasset" 217
"../../../Engine/Plugins/Animation/ControlRig/Content/Controls/ControlRig_Sphere_1mm.uexp" 218
"../../../Engine/Plugins/Animation/ControlRig/Content/Controls/ControlRig_RoundedTriangle_solid.ubulk" 219
"../../../Engine/Plugins/Animation/ControlRig/Content/Controls/ControlRig_RoundedTriangle_solid.uasset" 220
"../../../Engine/Plugins/Animation/ControlRig/Content/Controls/ControlRig_RoundedTriangle_solid.uexp" 221
"../../../Engine/Plugins/Animation/ControlRig/Content/Controls/ControlRig_RoundedTriangle_3mm.ubulk" 222
"../../../Engine/Plugins/Animation/ControlRig/Content/Controls/ControlRig_RoundedTriangle_3mm.uasset" 223
"../../../Engine/Plugins/Animation/ControlRig/Content/Controls/ControlRig_RoundedTriangle_3mm.uexp" 224
"../../../Engine/Plugins/Animation/ControlRig/Content/Controls/ControlRig_RoundedTriangle_1mm.ubulk" 225
"../../../Engine/Plugins/Animation/ControlRig/Content/Controls/ControlRig_RoundedTriangle_1mm.uasset" 226
"../../../Engine/Plugins/Animation/ControlRig/Content/Controls/ControlRig_RoundedTriangle_1mm.uexp" 227
"../../../Engine/Plugins/Animation/ControlRig/Content/Controls/ControlRig_RoundedSquare_solid.ubulk" 228
"../../../Engine/Plugins/Animation/ControlRig/Content/Controls/ControlRig_RoundedSquare_solid.uasset" 229
"../../../Engine/Plugins/Animation/ControlRig/Content/Controls/ControlRig_RoundedSquare_solid.uexp" 230
"../../../Engine/Plugins/Animation/ControlRig/Content/Controls/ControlRig_RoundedSquare_3mm.ubulk" 231
"../../../Engine/Plugins/Animation/ControlRig/Content/Controls/ControlRig_RoundedSquare_3mm.uasset" 232
"../../../Engine/Plugins/Animation/ControlRig/Content/Controls/ControlRig_RoundedSquare_3mm.uexp" 233
"../../../Engine/Plugins/Animation/ControlRig/Content/Controls/ControlRig_RoundedSquare_1mm.ubulk" 234
"../../../Engine/Plugins/Animation/ControlRig/Content/Controls/ControlRig_RoundedSquare_1mm.uasset" 235
"../../../Engine/Plugins/Animation/ControlRig/Content/Controls/ControlRig_RoundedSquare_1mm.uexp" 236
"../../../Engine/Plugins/Animation/ControlRig/Content/Controls/ControlRig_QuarterCircle_solid.ubulk" 237
"../../../Engine/Plugins/Animation/ControlRig/Content/Controls/ControlRig_QuarterCircle_solid.uasset" 238
"../../../Engine/Plugins/Animation/ControlRig/Content/Controls/ControlRig_QuarterCircle_solid.uexp" 239
"../../../Engine/Plugins/Animation/ControlRig/Content/Controls/ControlRig_QuarterCircle_3mm.ubulk" 240
"../../../Engine/Plugins/Animation/ControlRig/Content/Controls/ControlRig_QuarterCircle_3mm.uasset" 241
"../../../Engine/Plugins/Animation/ControlRig/Content/Controls/ControlRig_QuarterCircle_3mm.uexp" 242
"../../../Engine/Plugins/Animation/ControlRig/Content/Controls/ControlRig_QuarterCircle_1mm.ubulk" 243
"../../../Engine/Plugins/Animation/ControlRig/Content/Controls/ControlRig_QuarterCircle_1mm.uasset" 244
"../../../Engine/Plugins/Animation/ControlRig/Content/Controls/ControlRig_QuarterCircle_1mm.uexp" 245
"../../../Engine/Plugins/Animation/ControlRig/Content/Controls/ControlRig_Pyramid_solid.ubulk" 246
"../../../Engine/Plugins/Animation/ControlRig/Content/Controls/ControlRig_Pyramid_solid.uasset" 247
"../../../Engine/Plugins/Animation/ControlRig/Content/Controls/ControlRig_Pyramid_solid.uexp" 248
"../../../Engine/Plugins/Animation/ControlRig/Content/Controls/ControlRig_Pyramid_3mm.ubulk" 249
"../../../Engine/Plugins/Animation/ControlRig/Content/Controls/ControlRig_Pyramid_3mm.uasset" 250
"../../../Engine/Plugins/Animation/ControlRig/Content/Controls/ControlRig_Pyramid_3mm.uexp" 251
"../../../Engine/Plugins/Animation/ControlRig/Content/Controls/ControlRig_Pyramid_1mm.ubulk" 252
"../../../Engine/Plugins/Animation/ControlRig/Content/Controls/ControlRig_Pyramid_1mm.uasset" 253
"../../../Engine/Plugins/Animation/ControlRig/Content/Controls/ControlRig_Pyramid_1mm.uexp" 254
"../../../Engine/Plugins/Animation/ControlRig/Content/Controls/ControlRig_Octagon_solid.ubulk" 255
"../../../Engine/Plugins/Animation/ControlRig/Content/Controls/ControlRig_Octagon_solid.uasset" 256
"../../../Engine/Plugins/Animation/ControlRig/Content/Controls/ControlRig_Octagon_solid.uexp" 257
"../../../Engine/Plugins/Animation/ControlRig/Content/Controls/ControlRig_Octagon_3mm.ubulk" 258
"../../../Engine/Plugins/Animation/ControlRig/Content/Controls/ControlRig_Octagon_3mm.uasset" 259
"../../../Engine/Plugins/Animation/ControlRig/Content/Controls/ControlRig_Octagon_3mm.uexp" 260
"../../../Engine/Plugins/Animation/ControlRig/Content/Controls/ControlRig_Octagon_1mm.ubulk" 261
"../../../Engine/Plugins/Animation/ControlRig/Content/Controls/ControlRig_Octagon_1mm.uasset" 262
"../../../Engine/Plugins/Animation/ControlRig/Content/Controls/ControlRig_Octagon_1mm.uexp" 263
"../../../Engine/Plugins/Animation/ControlRig/Content/Controls/ControlRig_Hexagon_solid.ubulk" 264
"../../../Engine/Plugins/Animation/ControlRig/Content/Controls/ControlRig_Hexagon_solid.uasset" 265
"../../../Engine/Plugins/Animation/ControlRig/Content/Controls/ControlRig_Hexagon_solid.uexp" 266
"../../../Engine/Plugins/Animation/ControlRig/Content/Controls/ControlRig_Hexagon_3mm.ubulk" 267
"../../../Engine/Plugins/Animation/ControlRig/Content/Controls/ControlRig_Hexagon_3mm.uasset" 268
"../../../Engine/Plugins/Animation/ControlRig/Content/Controls/ControlRig_Hexagon_3mm.uexp" 269
"../../../Engine/Plugins/Animation/ControlRig/Content/Controls/ControlRig_Hexagon_1mm.ubulk" 270
"../../../Engine/Plugins/Animation/ControlRig/Content/Controls/ControlRig_Hexagon_1mm.uasset" 271
"../../../Engine/Plugins/Animation/ControlRig/Content/Controls/ControlRig_Hexagon_1mm.uexp" 272
"../../../Engine/Plugins/Animation/ControlRig/Content/Controls/ControlRig_HalfCircle_solid.ubulk" 273
"../../../Engine/Plugins/Animation/ControlRig/Content/Controls/ControlRig_HalfCircle_solid.uasset" 274
"../../../Engine/Plugins/Animation/ControlRig/Content/Controls/ControlRig_HalfCircle_solid.uexp" 275
"../../../Engine/Plugins/Animation/ControlRig/Content/Controls/ControlRig_HalfCircle_3mm.ubulk" 276
"../../../Engine/Plugins/Animation/ControlRig/Content/Controls/ControlRig_HalfCircle_3mm.uasset" 277
"../../../Engine/Plugins/Animation/ControlRig/Content/Controls/ControlRig_HalfCircle_3mm.uexp" 278
"../../../Engine/Plugins/Animation/ControlRig/Content/Controls/ControlRig_HalfCircle_1mm.ubulk" 279
"../../../Engine/Plugins/Animation/ControlRig/Content/Controls/ControlRig_HalfCircle_1mm.uasset" 280
"../../../Engine/Plugins/Animation/ControlRig/Content/Controls/ControlRig_HalfCircle_1mm.uexp" 281
"../../../Engine/Plugins/Animation/ControlRig/Content/Controls/ControlRig_Diamond_solid.ubulk" 282
"../../../Engine/Plugins/Animation/ControlRig/Content/Controls/ControlRig_Diamond_solid.uasset" 283
"../../../Engine/Plugins/Animation/ControlRig/Content/Controls/ControlRig_Diamond_solid.uexp" 284
"../../../Engine/Plugins/Animation/ControlRig/Content/Controls/ControlRig_Diamond_3mm.ubulk" 285
"../../../Engine/Plugins/Animation/ControlRig/Content/Controls/ControlRig_Diamond_3mm.uasset" 286
"../../../Engine/Plugins/Animation/ControlRig/Content/Controls/ControlRig_Diamond_3mm.uexp" 287
"../../../Engine/Plugins/Animation/ControlRig/Content/Controls/ControlRig_Diamond_1mm.ubulk" 288
"../../../Engine/Plugins/Animation/ControlRig/Content/Controls/ControlRig_Diamond_1mm.uasset" 289
"../../../Engine/Plugins/Animation/ControlRig/Content/Controls/ControlRig_Diamond_1mm.uexp" 290
"../../../Engine/Plugins/Animation/ControlRig/Content/Controls/ControlRig_Circle_solid.ubulk" 291
"../../../Engine/Plugins/Animation/ControlRig/Content/Controls/ControlRig_Circle_solid.uasset" 292
"../../../Engine/Plugins/Animation/ControlRig/Content/Controls/ControlRig_Circle_solid.uexp" 293
"../../../Engine/Plugins/Animation/ControlRig/Content/Controls/ControlRig_Circle_3mm.ubulk" 294
"../../../Engine/Plugins/Animation/ControlRig/Content/Controls/ControlRig_Circle_3mm.uasset" 295
"../../../Engine/Plugins/Animation/ControlRig/Content/Controls/ControlRig_Circle_3mm.uexp" 296
"../../../Engine/Plugins/Animation/ControlRig/Content/Controls/ControlRig_Circle_1mm.ubulk" 297
"../../../Engine/Plugins/Animation/ControlRig/Content/Controls/ControlRig_Circle_1mm.uasset" 298
"../../../Engine/Plugins/Animation/ControlRig/Content/Controls/ControlRig_Circle_1mm.uexp" 299
"../../../Engine/Plugins/Animation/ControlRig/Content/Controls/ControlRig_Box_solid.ubulk" 300
"../../../Engine/Plugins/Animation/ControlRig/Content/Controls/ControlRig_Box_solid.uasset" 301
"../../../Engine/Plugins/Animation/ControlRig/Content/Controls/ControlRig_Box_solid.uexp" 302
"../../../Engine/Plugins/Animation/ControlRig/Content/Controls/ControlRig_Box_3mm.ubulk" 303
"../../../Engine/Plugins/Animation/ControlRig/Content/Controls/ControlRig_Box_3mm.uasset" 304
"../../../Engine/Plugins/Animation/ControlRig/Content/Controls/ControlRig_Box_3mm.uexp" 305
"../../../Engine/Plugins/Animation/ControlRig/Content/Controls/ControlRig_Box_1mm.ubulk" 306
"../../../Engine/Plugins/Animation/ControlRig/Content/Controls/ControlRig_Box_1mm.uasset" 307
"../../../Engine/Plugins/Animation/ControlRig/Content/Controls/ControlRig_Box_1mm.uexp" 308
"../../../Engine/Plugins/Animation/ControlRig/Content/Controls/ControlRig_Arrow_solid.ubulk" 309
"../../../Engine/Plugins/Animation/ControlRig/Content/Controls/ControlRig_Arrow_solid.uasset" 310
"../../../Engine/Plugins/Animation/ControlRig/Content/Controls/ControlRig_Arrow_solid.uexp" 311
"../../../Engine/Plugins/Animation/ControlRig/Content/Controls/ControlRig_Arrow_3mm.ubulk" 312
"../../../Engine/Plugins/Animation/ControlRig/Content/Controls/ControlRig_Arrow_3mm.uasset" 313
"../../../Engine/Plugins/Animation/ControlRig/Content/Controls/ControlRig_Arrow_3mm.uexp" 314
"../../../Engine/Plugins/Animation/ControlRig/Content/Controls/ControlRig_Arrow_1mm.ubulk" 315
"../../../Engine/Plugins/Animation/ControlRig/Content/Controls/ControlRig_Arrow_1mm.uasset" 316
"../../../Engine/Plugins/Animation/ControlRig/Content/Controls/ControlRig_Arrow_1mm.uexp" 317
"../../../Engine/Plugins/Animation/ControlRig/Content/Controls/ControlRig_Arrow4_solid.ubulk" 318
"../../../Engine/Plugins/Animation/ControlRig/Content/Controls/ControlRig_Arrow4_solid.uasset" 319
"../../../Engine/Plugins/Animation/ControlRig/Content/Controls/ControlRig_Arrow4_solid.uexp" 320
"../../../Engine/Plugins/Animation/ControlRig/Content/Controls/ControlRig_Arrow4_3mm.ubulk" 321
"../../../Engine/Plugins/Animation/ControlRig/Content/Controls/ControlRig_Arrow4_3mm.uasset" 322
"../../../Engine/Plugins/Animation/ControlRig/Content/Controls/ControlRig_Arrow4_3mm.uexp" 323
"../../../Engine/Plugins/Animation/ControlRig/Content/Controls/ControlRig_Arrow4_1mm.ubulk" 324
"../../../Engine/Plugins/Animation/ControlRig/Content/Controls/ControlRig_Arrow4_1mm.uasset" 325
"../../../Engine/Plugins/Animation/ControlRig/Content/Controls/ControlRig_Arrow4_1mm.uexp" 326
"../../../Engine/Plugins/Animation/ControlRig/Content/Controls/ControlRig_Arrow2_solid.ubulk" 327
"../../../Engine/Plugins/Animation/ControlRig/Content/Controls/ControlRig_Arrow2_solid.uasset" 328
"../../../Engine/Plugins/Animation/ControlRig/Content/Controls/ControlRig_Arrow2_solid.uexp" 329
"../../../Engine/Plugins/Animation/ControlRig/Content/Controls/ControlRig_Arrow2_3mm.ubulk" 330
"../../../Engine/Plugins/Animation/ControlRig/Content/Controls/ControlRig_Arrow2_3mm.uasset" 331
"../../../Engine/Plugins/Animation/ControlRig/Content/Controls/ControlRig_Arrow2_3mm.uexp" 332
"../../../Engine/Plugins/Animation/ControlRig/Content/Controls/ControlRig_Arrow2_1mm.ubulk" 333
"../../../Engine/Plugins/Animation/ControlRig/Content/Controls/ControlRig_Arrow2_1mm.uasset" 334
"../../../Engine/Plugins/Animation/ControlRig/Content/Controls/ControlRig_Arrow2_1mm.uexp" 335
"../../../Engine/Plugins/Animation/ControlRig/Content/Controls/ControlRigXRayMaterial.uasset" 336
"../../../Engine/Plugins/Animation/ControlRig/Content/Controls/ControlRigXRayMaterial.uexp" 337
"../../../Engine/Plugins/Animation/ControlRig/Content/Controls/ControlRigGizmoMaterial.uasset" 338
"../../../Engine/Plugins/Animation/ControlRig/Content/Controls/ControlRigGizmoMaterial.uexp" 339
"../../../Engine/Plugins/Animation/ACLPlugin/Content/ACLAnimCurveCompressionSettings.uasset" 340
"../../../Engine/Plugins/Animation/ACLPlugin/Content/ACLAnimCurveCompressionSettings.uexp" 341
"../../../Engine/Plugins/Animation/ACLPlugin/Content/ACLAnimBoneCompressionSettings.uasset" 342
"../../../Engine/Plugins/Animation/ACLPlugin/Content/ACLAnimBoneCompressionSettings.uexp" 343
"../../../Engine/Plugins/2D/Paper2D/Content/PlaceholderTextures/DummySpriteTexture.ubulk" 344
"../../../Engine/Plugins/2D/Paper2D/Content/PlaceholderTextures/DummySpriteTexture.uasset" 345
"../../../Engine/Plugins/2D/Paper2D/Content/PlaceholderTextures/DummySpriteTexture.uexp" 346
"../../../Engine/Plugins/2D/Paper2D/Content/DefaultSpriteMaterial.uasset" 347
"../../../Engine/Plugins/2D/Paper2D/Content/DefaultSpriteMaterial.uexp" 348
"../../../Engine/Plugins/2D/Paper2D/Content/OpaqueUnlitSpriteMaterial.uasset" 349
"../../../Engine/Plugins/2D/Paper2D/Content/OpaqueUnlitSpriteMaterial.uexp" 350
"../../../Engine/Plugins/2D/Paper2D/Content/MaskedUnlitSpriteMaterial.uasset" 351
"../../../Engine/Plugins/2D/Paper2D/Content/MaskedUnlitSpriteMaterial.uexp" 352
"../../../Engine/Plugins/2D/Paper2D/Content/DummySprite.uasset" 353
"../../../Engine/Plugins/2D/Paper2D/Content/DummySprite.uexp" 354
"../../../Engine/Plugins/2D/Paper2D/Content/DefaultPaperTerrainMaterial.uasset" 355
"../../../Engine/Plugins/2D/Paper2D/Content/DefaultPaperTerrainMaterial.uexp" 356
"../../../Engine/Content/Functions/Engine_MaterialFunctions02/Math/Transform3x3Matrix.uasset" 357
"../../../Engine/Content/Functions/Engine_MaterialFunctions02/Math/Transform3x3Matrix.uexp" 358
"../../../Engine/Content/Functions/Engine_MaterialFunctions02/SplitComponents.uasset" 359
"../../../Engine/Content/Functions/Engine_MaterialFunctions02/SplitComponents.uexp" 360
"../../../Engine/Content/Functions/Engine_MaterialFunctions02/Utility/MakeFloat3.uasset" 361
"../../../Engine/Content/Functions/Engine_MaterialFunctions02/Utility/MakeFloat3.uexp" 362
"../../../Engine/Content/EngineSounds/Master.uasset" 363
"../../../Engine/Content/EngineSounds/Master.uexp" 364
"../../../Engine/Content/EngineResources/WhiteSquareTexture.uasset" 365
"../../../Engine/Content/EngineResources/WhiteSquareTexture.uexp" 366
"../../../Engine/Content/EngineMaterials/Widget3DPassThrough.uasset" 367
"../../../Engine/Content/EngineMaterials/Widget3DPassThrough.uexp" 368
"../../../Engine/Content/EngineMaterials/Widget3DPassThrough_Translucent.uasset" 369
"../../../Engine/Content/EngineMaterials/Widget3DPassThrough_Translucent.uexp" 370
"../../../Engine/Content/EngineMaterials/Widget3DPassThrough_Translucent_OneSided.uasset" 371
"../../../Engine/Content/EngineMaterials/Widget3DPassThrough_Translucent_OneSided.uexp" 372
"../../../Engine/Content/EngineMaterials/Widget3DPassThrough_Opaque.uasset" 373
"../../../Engine/Content/EngineMaterials/Widget3DPassThrough_Opaque.uexp" 374
"../../../Engine/Content/EngineMaterials/Widget3DPassThrough_Opaque_OneSided.uasset" 375
"../../../Engine/Content/EngineMaterials/Widget3DPassThrough_Opaque_OneSided.uexp" 376
"../../../Engine/Content/EngineMaterials/Widget3DPassThrough_Masked_OneSided.uasset" 377
"../../../Engine/Content/EngineMaterials/Widget3DPassThrough_Masked_OneSided.uexp" 378
"../../../Engine/Content/EngineMaterials/Widget3DPassThrough_Masked.uasset" 379
"../../../Engine/Content/EngineMaterials/Widget3DPassThrough_Masked.uexp" 380
"../../../Engine/Content/EngineMaterials/STBlueNoise_vec2_128x128x64.uasset" 381
"../../../Engine/Content/EngineMaterials/STBlueNoise_vec2_128x128x64.uexp" 382
"../../../Engine/Content/EngineMaterials/STBlueNoise_scalar_128x128x64.uasset" 383
"../../../Engine/Content/EngineMaterials/STBlueNoise_scalar_128x128x64.uexp" 384
"../../../Engine/Content/EngineMaterials/RemoveSurfaceMaterial.uasset" 385
"../../../Engine/Content/EngineMaterials/RemoveSurfaceMaterial.uexp" 386
"../../../Engine/Content/EngineMaterials/DefaultCalibrationGrayscale.uasset" 387
"../../../Engine/Content/EngineMaterials/DefaultCalibrationGrayscale.uexp" 388
"../../../Engine/Content/EngineMaterials/PPM_DefaultCalibrationGrayscale.uasset" 389
"../../../Engine/Content/EngineMaterials/PPM_DefaultCalibrationGrayscale.uexp" 390
"../../../Engine/Content/EngineMaterials/DefaultCalibrationColor.uasset" 391
"../../../Engine/Content/EngineMaterials/DefaultCalibrationColor.uexp" 392
"../../../Engine/Content/EngineMaterials/PPM_DefaultCalibrationColor.uasset" 393
"../../../Engine/Content/EngineMaterials/PPM_DefaultCalibrationColor.uexp" 394
"../../../Engine/Content/EngineMaterials/PhAT_JointLimitMaterial.uasset" 395
"../../../Engine/Content/EngineMaterials/PhAT_JointLimitMaterial.uexp" 396
"../../../Engine/Content/EngineMaterials/NaniteHiddenSectionMaterial.uasset" 397
"../../../Engine/Content/EngineMaterials/NaniteHiddenSectionMaterial.uexp" 398
"../../../Engine/Content/EngineMaterials/InvalidLightmapSettings.ubulk" 399
"../../../Engine/Content/EngineMaterials/InvalidLightmapSettings.uasset" 400
"../../../Engine/Content/EngineMaterials/InvalidLightmapSettings.uexp" 401
"../../../Engine/Content/EngineMaterials/M_InvalidLightmapSettings.uasset" 402
"../../../Engine/Content/EngineMaterials/M_InvalidLightmapSettings.uexp" 403
"../../../Engine/Content/EngineMaterials/GizmoMaterial.uasset" 404
"../../../Engine/Content/EngineMaterials/GizmoMaterial.uexp" 405
"../../../Engine/Content/EngineMaterials/BaseFlattenEmissiveMap_VT.uasset" 406
"../../../Engine/Content/EngineMaterials/BaseFlattenEmissiveMap_VT.uexp" 407
"../../../Engine/Content/EngineMaterials/BaseFlattenGrayscaleMap_VT.uasset" 408
"../../../Engine/Content/EngineMaterials/BaseFlattenGrayscaleMap_VT.uexp" 409
"../../../Engine/Content/EngineMaterials/BaseFlattenLinearColor_VT.uasset" 410
"../../../Engine/Content/EngineMaterials/BaseFlattenLinearColor_VT.uexp" 411
"../../../Engine/Content/EngineMaterials/Black_1x1_EXR_Texture_VT.uasset" 412
"../../../Engine/Content/EngineMaterials/Black_1x1_EXR_Texture_VT.uexp" 413
"../../../Engine/Content/EngineMaterials/BaseFlattenDiffuseMap_VT.uasset" 414
"../../../Engine/Content/EngineMaterials/BaseFlattenDiffuseMap_VT.uexp" 415
"../../../Engine/Content/EngineMaterials/BaseFlattenNormalMap_VT.uasset" 416
"../../../Engine/Content/EngineMaterials/BaseFlattenNormalMap_VT.uexp" 417
"../../../Engine/Content/EngineMaterials/FlattenMaterial_WS_Normal_VT.uasset" 418
"../../../Engine/Content/EngineMaterials/FlattenMaterial_WS_Normal_VT.uexp" 419
"../../../Engine/Content/EngineMaterials/FlattenMaterial_VT.uasset" 420
"../../../Engine/Content/EngineMaterials/FlattenMaterial_VT.uexp" 421
"../../../Engine/Content/EngineMaterials/BaseFlattenNormalMap.uasset" 422
"../../../Engine/Content/EngineMaterials/BaseFlattenNormalMap.uexp" 423
"../../../Engine/Content/EngineMaterials/BaseFlattenGrayscaleMap.uasset" 424
"../../../Engine/Content/EngineMaterials/BaseFlattenGrayscaleMap.uexp" 425
"../../../Engine/Content/EngineMaterials/BaseFlattenDiffuseMap.uasset" 426
"../../../Engine/Content/EngineMaterials/BaseFlattenDiffuseMap.uexp" 427
"../../../Engine/Content/Functions/Engine_MaterialFunctions02/PivotPainter2/Black_1x1_EXR_Texture.uasset" 428
"../../../Engine/Content/Functions/Engine_MaterialFunctions02/PivotPainter2/Black_1x1_EXR_Texture.uexp" 429
"../../../Engine/Content/EngineMaterials/BaseFlattenEmissiveMap.uasset" 430
"../../../Engine/Content/EngineMaterials/BaseFlattenEmissiveMap.uexp" 431
"../../../Engine/Content/EngineMaterials/BaseFlattenLinearColor.uasset" 432
"../../../Engine/Content/EngineMaterials/BaseFlattenLinearColor.uexp" 433
"../../../Engine/Content/EngineMaterials/FlattenMaterial.uasset" 434
"../../../Engine/Content/EngineMaterials/FlattenMaterial.uexp" 435
"../../../Engine/Content/EngineMaterials/DefaultWhiteGrid_Low.uasset" 436
"../../../Engine/Content/EngineMaterials/DefaultWhiteGrid_Low.uexp" 437
"../../../Engine/Content/EngineMaterials/EmissiveMeshMaterial.uasset" 438
"../../../Engine/Content/EngineMaterials/EmissiveMeshMaterial.uexp" 439
"../../../Engine/Content/EngineFonts/RobotoDistanceField.uasset" 440
"../../../Engine/Content/EngineFonts/RobotoDistanceField.uexp" 441
"../../../Engine/Content/EngineMaterials/DefaultTextMaterialOpaque.uasset" 442
"../../../Engine/Content/EngineMaterials/DefaultTextMaterialOpaque.uexp" 443
"../../../Engine/Content/EngineMaterials/DefaultDiffuse.ubulk" 444
"../../../Engine/Content/EngineMaterials/DefaultDiffuse.uasset" 445
"../../../Engine/Content/EngineMaterials/DefaultDiffuse.uexp" 446
"../../../Engine/Content/Functions/Engine_MaterialFunctions02/Utility/BreakOutFloat2Components.uasset" 447
"../../../Engine/Content/Functions/Engine_MaterialFunctions02/Utility/BreakOutFloat2Components.uexp" 448
"../../../Engine/Content/EngineMaterials/DefaultPostProcessMaterial.uasset" 449
"../../../Engine/Content/EngineMaterials/DefaultPostProcessMaterial.uexp" 450
"../../../Engine/Content/EngineMaterials/DefaultLightFunctionMaterial.uasset" 451
"../../../Engine/Content/EngineMaterials/DefaultLightFunctionMaterial.uexp" 452
"../../../Engine/Content/EngineMaterials/DefaultDestructiblePhysicalMaterial.uasset" 453
"../../../Engine/Content/EngineMaterials/DefaultDestructiblePhysicalMaterial.uexp" 454
"../../../Engine/Content/EngineMaterials/DefaultDeferredDecalMaterial.uasset" 455
"../../../Engine/Content/EngineMaterials/DefaultDeferredDecalMaterial.uexp" 456
"../../../Engine/Content/EngineMaterials/DefaultBloomKernel.uasset" 457
"../../../Engine/Content/EngineMaterials/DefaultBloomKernel.uexp" 458
"../../../Engine/Content/EngineFonts/Faces/RobotoLight.uexp" 459
"../../../Engine/Content/EngineFonts/Faces/RobotoLight.uasset" 460
"../../../Engine/Content/EngineFonts/Faces/RobotoLight.ufont" 461
"../../../Engine/Content/EngineFonts/Faces/RobotoBold.uexp" 462
"../../../Engine/Content/EngineFonts/Faces/RobotoBold.uasset" 463
"../../../Engine/Content/EngineFonts/Faces/RobotoBold.ufont" 464
"../../../Engine/Content/EngineFonts/Faces/RobotoRegular.uexp" 465
"../../../Engine/Content/EngineFonts/Faces/RobotoRegular.uasset" 466
"../../../Engine/Content/EngineFonts/Faces/RobotoRegular.ufont" 467
"../../../Engine/Content/EngineFonts/Faces/DroidSansFallback.uexp" 468
"../../../Engine/Content/EngineFonts/Faces/DroidSansFallback.uasset" 469
"../../../Engine/Content/EngineFonts/Faces/DroidSansFallback.ufont" 470
"../../../Engine/Content/EngineFonts/Faces/RobotoItalic.uexp" 471
"../../../Engine/Content/EngineFonts/Faces/RobotoItalic.uasset" 472
"../../../Engine/Content/EngineFonts/Faces/RobotoItalic.ufont" 473
"../../../Engine/Content/EngineFonts/Faces/RobotoBoldItalic.uexp" 474
"../../../Engine/Content/EngineFonts/Faces/RobotoBoldItalic.uasset" 475
"../../../Engine/Content/EngineFonts/Faces/RobotoBoldItalic.ufont" 476
"../../../Engine/Content/EngineFonts/Roboto.uasset" 477
"../../../Engine/Content/EngineFonts/Roboto.uexp" 478
"../../../Engine/Content/EngineDebugMaterials/VolumeToRender.uasset" 479
"../../../Engine/Content/EngineDebugMaterials/VolumeToRender.uexp" 480
"../../../Engine/Content/EngineDebugMaterials/M_VolumeRenderSphereTracePP.uasset" 481
"../../../Engine/Content/EngineDebugMaterials/M_VolumeRenderSphereTracePP.uexp" 482
"../../../Engine/Content/EngineDebugMaterials/M_SimpleUnlitTranslucent.uasset" 483
"../../../Engine/Content/EngineDebugMaterials/M_SimpleUnlitTranslucent.uexp" 484
"../../../Engine/Content/EngineDebugMaterials/DebugMeshMaterial.uasset" 485
"../../../Engine/Content/EngineDebugMaterials/DebugMeshMaterial.uexp" 486
"../../../Engine/Content/EngineDebugMaterials/DebugEditorMaterial.uasset" 487
"../../../Engine/Content/EngineDebugMaterials/DebugEditorMaterial.uexp" 488
"../../../Engine/Content/EngineDamageTypes/DmgTypeBP_Environmental.uasset" 489
"../../../Engine/Content/EngineDamageTypes/DmgTypeBP_Environmental.uexp" 490
"../../../Engine/Content/EngineMaterials/DefaultMaterial.uasset" 491
"../../../Engine/Content/EngineMaterials/DefaultMaterial.uexp" 492
"../../../Engine/Content/BasicShapes/Cylinder.ubulk" 493
"../../../Engine/Content/BasicShapes/Cylinder.uasset" 494
"../../../Engine/Content/BasicShapes/Cylinder.uexp" 495
"../../../Engine/Content/BasicShapes/Cube.ubulk" 496
"../../../Engine/Content/BasicShapes/Cube.uasset" 497
"../../../Engine/Content/BasicShapes/Cube.uexp" 498
"../../../Engine/Content/BasicShapes/Cone.ubulk" 499
"../../../Engine/Content/BasicShapes/Cone.uasset" 500
"../../../Engine/Content/BasicShapes/Cone.uexp" 501
"../../../Engine/Content/Animation/DefaultVariableFrameStrippingSettings.uasset" 502
"../../../Engine/Content/Animation/DefaultVariableFrameStrippingSettings.uexp" 503
"../../../Engine/Content/Animation/DefaultRecorderBoneCompression.uasset" 504
"../../../Engine/Content/Animation/DefaultRecorderBoneCompression.uexp" 505
"../../../Engine/Plugins/Interchange/Runtime/Content/gltf/MaterialFunctions/MF_RotateV2.uasset" 506
"../../../Engine/Plugins/Interchange/Runtime/Content/gltf/MaterialFunctions/MF_RotateV2.uexp" 507
"../../../Engine/Plugins/Interchange/Runtime/Content/gltf/MaterialFunctions/MF_TransformUVs.uasset" 508
"../../../Engine/Plugins/Interchange/Runtime/Content/gltf/MaterialFunctions/MF_TransformUVs.uexp" 509
"../../../Engine/Plugins/Interchange/Runtime/Content/gltf/Textures/T_White_srgb.uasset" 510
"../../../Engine/Plugins/Interchange/Runtime/Content/gltf/Textures/T_White_srgb.uexp" 511
"../../../Engine/Plugins/Interchange/Runtime/Content/gltf/MaterialFunctions/MF_BaseColor.uasset" 512
"../../../Engine/Plugins/Interchange/Runtime/Content/gltf/MaterialFunctions/MF_BaseColor.uexp" 513
"../../../Engine/Plugins/Interchange/Runtime/Content/gltf/MaterialBodies/MF_Unlit_Body.uasset" 514
"../../../Engine/Plugins/Interchange/Runtime/Content/gltf/MaterialBodies/MF_Unlit_Body.uexp" 515
"../../../Engine/Plugins/Interchange/Runtime/Content/gltf/M_Unlit.uasset" 516
"../../../Engine/Plugins/Interchange/Runtime/Content/gltf/M_Unlit.uexp" 517
"../../../Engine/Plugins/Interchange/Runtime/Content/gltf/MaterialInstances/MI_Unlit_Opaque_DS.uasset" 518
"../../../Engine/Plugins/Interchange/Runtime/Content/gltf/MaterialInstances/MI_Unlit_Opaque_DS.uexp" 519
"../../../Engine/Plugins/Interchange/Runtime/Content/gltf/MaterialInstances/MI_Unlit_Opaque.uasset" 520
"../../../Engine/Plugins/Interchange/Runtime/Content/gltf/MaterialInstances/MI_Unlit_Opaque.uexp" 521
"../../../Engine/Plugins/Interchange/Runtime/Content/gltf/MaterialInstances/MI_Unlit_Mask_DS.uasset" 522
"../../../Engine/Plugins/Interchange/Runtime/Content/gltf/MaterialInstances/MI_Unlit_Mask_DS.uexp" 523
"../../../Engine/Plugins/Interchange/Runtime/Content/gltf/MaterialInstances/MI_Unlit_Mask.uasset" 524
"../../../Engine/Plugins/Interchange/Runtime/Content/gltf/MaterialInstances/MI_Unlit_Mask.uexp" 525
"../../../Engine/Plugins/Interchange/Runtime/Content/gltf/MaterialInstances/MI_Unlit_Blend_DS.uasset" 526
"../../../Engine/Plugins/Interchange/Runtime/Content/gltf/MaterialInstances/MI_Unlit_Blend_DS.uexp" 527
"../../../Engine/Plugins/Interchange/Runtime/Content/gltf/MaterialInstances/MI_Unlit_Blend.uasset" 528
"../../../Engine/Plugins/Interchange/Runtime/Content/gltf/MaterialInstances/MI_Unlit_Blend.uexp" 529
"../../../Engine/Plugins/Interchange/Runtime/Content/gltf/MaterialFunctions/MF_Iridescence.uasset" 530
"../../../Engine/Plugins/Interchange/Runtime/Content/gltf/MaterialFunctions/MF_Iridescence.uexp" 531
"../../../Engine/Plugins/Interchange/Runtime/Content/gltf/Textures/T_White_Linear.uasset" 532
"../../../Engine/Plugins/Interchange/Runtime/Content/gltf/Textures/T_White_Linear.uexp" 533
"../../../Engine/Plugins/Interchange/Runtime/Content/gltf/MaterialFunctions/MF_MetallicRoughness.uasset" 534
"../../../Engine/Plugins/Interchange/Runtime/Content/gltf/MaterialFunctions/MF_MetallicRoughness.uexp" 535
"../../../Engine/Plugins/Interchange/Runtime/Content/gltf/MaterialFunctions/MF_Transmission.uasset" 536
"../../../Engine/Plugins/Interchange/Runtime/Content/gltf/MaterialFunctions/MF_Transmission.uexp" 537
"../../../Engine/Plugins/Interchange/Runtime/Content/gltf/MaterialFunctions/MF_Occlusion.uasset" 538
"../../../Engine/Plugins/Interchange/Runtime/Content/gltf/MaterialFunctions/MF_Occlusion.uexp" 539
"../../../Engine/Plugins/Interchange/Runtime/Content/gltf/MaterialFunctions/MF_Specular.uasset" 540
"../../../Engine/Plugins/Interchange/Runtime/Content/gltf/MaterialFunctions/MF_Specular.uexp" 541
"../../../Engine/Plugins/Interchange/Runtime/Content/gltf/MaterialFunctions/MF_IOR.uasset" 542
"../../../Engine/Plugins/Interchange/Runtime/Content/gltf/MaterialFunctions/MF_IOR.uexp" 543
"../../../Engine/Plugins/Interchange/Runtime/Content/gltf/MaterialFunctions/MF_RotateNormals_TS.uasset" 544
"../../../Engine/Plugins/Interchange/Runtime/Content/gltf/MaterialFunctions/MF_RotateNormals_TS.uexp" 545
"../../../Engine/Plugins/Interchange/Runtime/Content/gltf/Textures/T_Generic_N.uasset" 546
"../../../Engine/Plugins/Interchange/Runtime/Content/gltf/Textures/T_Generic_N.uexp" 547
"../../../Engine/Plugins/Interchange/Runtime/Content/gltf/MaterialFunctions/MF_Normals.uasset" 548
"../../../Engine/Plugins/Interchange/Runtime/Content/gltf/MaterialFunctions/MF_Normals.uexp" 549
"../../../Engine/Plugins/Interchange/Runtime/Content/gltf/MaterialBodies/MF_Transmission_Body.uasset" 550
"../../../Engine/Plugins/Interchange/Runtime/Content/gltf/MaterialBodies/MF_Transmission_Body.uexp" 551
"../../../Engine/Plugins/Interchange/Runtime/Content/gltf/M_Transmission.uasset" 552
"../../../Engine/Plugins/Interchange/Runtime/Content/gltf/M_Transmission.uexp" 553
"../../../Engine/Plugins/Interchange/Runtime/Content/gltf/MaterialInstances/MI_Transmission_DS.uasset" 554
"../../../Engine/Plugins/Interchange/Runtime/Content/gltf/MaterialInstances/MI_Transmission_DS.uexp" 555
"../../../Engine/Plugins/Interchange/Runtime/Content/gltf/MaterialInstances/MI_Transmission.uasset" 556
"../../../Engine/Plugins/Interchange/Runtime/Content/gltf/MaterialInstances/MI_Transmission.uexp" 557
"../../../Engine/Plugins/Interchange/Runtime/Content/gltf/MaterialFunctions/MF_DiffuseSpecGloss.uasset" 558
"../../../Engine/Plugins/Interchange/Runtime/Content/gltf/MaterialFunctions/MF_DiffuseSpecGloss.uexp" 559
"../../../Engine/Content/Functions/Engine_MaterialFunctions02/Math/AddComponents.uasset" 560
"../../../Engine/Content/Functions/Engine_MaterialFunctions02/Math/AddComponents.uexp" 561
"../../../Engine/Plugins/Interchange/Runtime/Content/gltf/MaterialFunctions/MF_PerceivedBrightness.uasset" 562
"../../../Engine/Plugins/Interchange/Runtime/Content/gltf/MaterialFunctions/MF_PerceivedBrightness.uexp" 563
"../../../Engine/Plugins/Interchange/Runtime/Content/gltf/MaterialFunctions/MF_Emissive.uasset" 564
"../../../Engine/Plugins/Interchange/Runtime/Content/gltf/MaterialFunctions/MF_Emissive.uexp" 565
"../../../Engine/Plugins/Interchange/Runtime/Content/gltf/MaterialFunctions/MF_SpecGlossToMetalRoughness.uasset" 566
"../../../Engine/Plugins/Interchange/Runtime/Content/gltf/MaterialFunctions/MF_SpecGlossToMetalRoughness.uexp" 567
"../../../Engine/Plugins/Interchange/Runtime/Content/gltf/MaterialBodies/MF_SpecularGlossiness_Body.uasset" 568
"../../../Engine/Plugins/Interchange/Runtime/Content/gltf/MaterialBodies/MF_SpecularGlossiness_Body.uexp" 569
"../../../Engine/Plugins/Interchange/Runtime/Content/gltf/M_SpecularGlossiness.uasset" 570
"../../../Engine/Plugins/Interchange/Runtime/Content/gltf/M_SpecularGlossiness.uexp" 571
"../../../Engine/Plugins/Interchange/Runtime/Content/gltf/MaterialInstances/MI_SpecularGlossiness_Opaque_DS.uasset" 572
"../../../Engine/Plugins/Interchange/Runtime/Content/gltf/MaterialInstances/MI_SpecularGlossiness_Opaque_DS.uexp" 573
"../../../Engine/Plugins/Interchange/Runtime/Content/gltf/MaterialInstances/MI_SpecularGlossiness_Opaque.uasset" 574
"../../../Engine/Plugins/Interchange/Runtime/Content/gltf/MaterialInstances/MI_SpecularGlossiness_Opaque.uexp" 575
"../../../Engine/Plugins/Interchange/Runtime/Content/gltf/MaterialInstances/MI_SpecularGlossiness_Mask_DS.uasset" 576
"../../../Engine/Plugins/Interchange/Runtime/Content/gltf/MaterialInstances/MI_SpecularGlossiness_Mask_DS.uexp" 577
"../../../Engine/Plugins/Interchange/Runtime/Content/gltf/MaterialInstances/MI_SpecularGlossiness_Mask.uasset" 578
"../../../Engine/Plugins/Interchange/Runtime/Content/gltf/MaterialInstances/MI_SpecularGlossiness_Mask.uexp" 579
"../../../Engine/Plugins/Interchange/Runtime/Content/gltf/MaterialInstances/MI_SpecularGlossiness_Blend_DS.uasset" 580
"../../../Engine/Plugins/Interchange/Runtime/Content/gltf/MaterialInstances/MI_SpecularGlossiness_Blend_DS.uexp" 581
"../../../Engine/Plugins/Interchange/Runtime/Content/gltf/MaterialInstances/MI_SpecularGlossiness_Blend.uasset" 582
"../../../Engine/Plugins/Interchange/Runtime/Content/gltf/MaterialInstances/MI_SpecularGlossiness_Blend.uexp" 583
"../../../Engine/Plugins/Interchange/Runtime/Content/gltf/MaterialFunctions/MF_Sheen.uasset" 584
"../../../Engine/Plugins/Interchange/Runtime/Content/gltf/MaterialFunctions/MF_Sheen.uexp" 585
"../../../Engine/Plugins/Interchange/Runtime/Content/gltf/MaterialBodies/MF_Sheen_Body.uasset" 586
"../../../Engine/Plugins/Interchange/Runtime/Content/gltf/MaterialBodies/MF_Sheen_Body.uexp" 587
"../../../Engine/Plugins/Interchange/Runtime/Content/gltf/M_Sheen.uasset" 588
"../../../Engine/Plugins/Interchange/Runtime/Content/gltf/M_Sheen.uexp" 589
"../../../Engine/Plugins/Interchange/Runtime/Content/gltf/MaterialInstances/MI_Sheen_Opaque_DS.uasset" 590
"../../../Engine/Plugins/Interchange/Runtime/Content/gltf/MaterialInstances/MI_Sheen_Opaque_DS.uexp" 591
"../../../Engine/Plugins/Interchange/Runtime/Content/gltf/MaterialInstances/MI_Sheen_Opaque.uasset" 592
"../../../Engine/Plugins/Interchange/Runtime/Content/gltf/MaterialInstances/MI_Sheen_Opaque.uexp" 593
"../../../Engine/Plugins/Interchange/Runtime/Content/gltf/MaterialInstances/MI_Sheen_Mask_DS.uasset" 594
"../../../Engine/Plugins/Interchange/Runtime/Content/gltf/MaterialInstances/MI_Sheen_Mask_DS.uexp" 595
"../../../Engine/Plugins/Interchange/Runtime/Content/gltf/MaterialInstances/MI_Sheen_Mask.uasset" 596
"../../../Engine/Plugins/Interchange/Runtime/Content/gltf/MaterialInstances/MI_Sheen_Mask.uexp" 597
"../../../Engine/Plugins/Interchange/Runtime/Content/gltf/MaterialInstances/MI_Sheen_Blend_DS.uasset" 598
"../../../Engine/Plugins/Interchange/Runtime/Content/gltf/MaterialInstances/MI_Sheen_Blend_DS.uexp" 599
"../../../Engine/Plugins/Interchange/Runtime/Content/gltf/MaterialInstances/MI_Sheen_Blend.uasset" 600
"../../../Engine/Plugins/Interchange/Runtime/Content/gltf/MaterialInstances/MI_Sheen_Blend.uexp" 601
"../../../Engine/Plugins/Interchange/Runtime/Content/gltf/MaterialBodies/MF_Default_Body.uasset" 602
"../../../Engine/Plugins/Interchange/Runtime/Content/gltf/MaterialBodies/MF_Default_Body.uexp" 603
"../../../Engine/Plugins/Interchange/Runtime/Content/gltf/M_Default.uasset" 604
"../../../Engine/Plugins/Interchange/Runtime/Content/gltf/M_Default.uexp" 605
"../../../Engine/Plugins/Interchange/Runtime/Content/gltf/MaterialInstances/MI_Default_Opaque_DS.uasset" 606
"../../../Engine/Plugins/Interchange/Runtime/Content/gltf/MaterialInstances/MI_Default_Opaque_DS.uexp" 607
"../../../Engine/Plugins/Interchange/Runtime/Content/gltf/MaterialInstances/MI_Default_Opaque.uasset" 608
"../../../Engine/Plugins/Interchange/Runtime/Content/gltf/MaterialInstances/MI_Default_Opaque.uexp" 609
"../../../Engine/Plugins/Interchange/Runtime/Content/gltf/MaterialInstances/MI_Default_Mask_DS.uasset" 610
"../../../Engine/Plugins/Interchange/Runtime/Content/gltf/MaterialInstances/MI_Default_Mask_DS.uexp" 611
"../../../Engine/Plugins/Interchange/Runtime/Content/gltf/MaterialInstances/MI_Default_Mask.uasset" 612
"../../../Engine/Plugins/Interchange/Runtime/Content/gltf/MaterialInstances/MI_Default_Mask.uexp" 613
"../../../Engine/Plugins/Interchange/Runtime/Content/gltf/MaterialInstances/MI_Default_Blend_DS.uasset" 614
"../../../Engine/Plugins/Interchange/Runtime/Content/gltf/MaterialInstances/MI_Default_Blend_DS.uexp" 615
"../../../Engine/Plugins/Interchange/Runtime/Content/gltf/MaterialInstances/MI_Default_Blend.uasset" 616
"../../../Engine/Plugins/Interchange/Runtime/Content/gltf/MaterialInstances/MI_Default_Blend.uexp" 617
"../../../Engine/Content/Functions/Engine_MaterialFunctions01/Texturing/FlattenNormal.uasset" 618
"../../../Engine/Content/Functions/Engine_MaterialFunctions01/Texturing/FlattenNormal.uexp" 619
"../../../Engine/Plugins/Interchange/Runtime/Content/gltf/MaterialFunctions/MF_Clearcoat.uasset" 620
"../../../Engine/Plugins/Interchange/Runtime/Content/gltf/MaterialFunctions/MF_Clearcoat.uexp" 621
"../../../Engine/Plugins/Interchange/Runtime/Content/gltf/MaterialBodies/MF_ClearCoat_Body.uasset" 622
"../../../Engine/Plugins/Interchange/Runtime/Content/gltf/MaterialBodies/MF_ClearCoat_Body.uexp" 623
"../../../Engine/Plugins/Interchange/Runtime/Content/gltf/M_ClearCoat.uasset" 624
"../../../Engine/Plugins/Interchange/Runtime/Content/gltf/M_ClearCoat.uexp" 625
"../../../Engine/Plugins/Interchange/Runtime/Content/gltf/MaterialInstances/MI_ClearCoat_Opaque_DS.uasset" 626
"../../../Engine/Plugins/Interchange/Runtime/Content/gltf/MaterialInstances/MI_ClearCoat_Opaque_DS.uexp" 627
"../../../Engine/Plugins/Interchange/Runtime/Content/gltf/MaterialInstances/MI_ClearCoat_Opaque.uasset" 628
"../../../Engine/Plugins/Interchange/Runtime/Content/gltf/MaterialInstances/MI_ClearCoat_Opaque.uexp" 629
"../../../Engine/Plugins/Interchange/Runtime/Content/gltf/MaterialInstances/MI_ClearCoat_Mask_DS.uasset" 630
"../../../Engine/Plugins/Interchange/Runtime/Content/gltf/MaterialInstances/MI_ClearCoat_Mask_DS.uexp" 631
"../../../Engine/Plugins/Interchange/Runtime/Content/gltf/MaterialInstances/MI_ClearCoat_Mask.uasset" 632
"../../../Engine/Plugins/Interchange/Runtime/Content/gltf/MaterialInstances/MI_ClearCoat_Mask.uexp" 633
"../../../Engine/Plugins/Interchange/Runtime/Content/gltf/MaterialInstances/MI_ClearCoat_Blend_DS.uasset" 634
"../../../Engine/Plugins/Interchange/Runtime/Content/gltf/MaterialInstances/MI_ClearCoat_Blend_DS.uexp" 635
"../../../Engine/Plugins/Interchange/Runtime/Content/gltf/MaterialInstances/MI_ClearCoat_Blend.uasset" 636
"../../../Engine/Plugins/Interchange/Runtime/Content/gltf/MaterialInstances/MI_ClearCoat_Blend.uexp" 637
"../../../Engine/Content/MobileResources/HUD/VirtualJoystick_Background.uasset" 638
"../../../Engine/Content/MobileResources/HUD/VirtualJoystick_Background.uexp" 639
"../../../Engine/Content/MobileResources/HUD/VirtualJoystick_Thumb.uasset" 640
"../../../Engine/Content/MobileResources/HUD/VirtualJoystick_Thumb.uexp" 641
"../../../Engine/Content/MobileResources/HUD/DefaultVirtualJoysticks.uasset" 642
"../../../Engine/Content/MobileResources/HUD/DefaultVirtualJoysticks.uexp" 643
"../../../Engine/Content/EngineSky/VolumetricClouds/CloudWeatherTexture.uasset" 644
"../../../Engine/Content/EngineSky/VolumetricClouds/CloudWeatherTexture.uexp" 645
"../../../Engine/Content/Functions/Engine_MaterialFunctions02/Utility/MakeFloat2.uasset" 646
"../../../Engine/Content/Functions/Engine_MaterialFunctions02/Utility/MakeFloat2.uexp" 647
"../../../Engine/Content/EngineSky/VolumetricClouds/CloudGradientTexture.uasset" 648
"../../../Engine/Content/EngineSky/VolumetricClouds/CloudGradientTexture.uexp" 649
"../../../Engine/Content/EngineSky/VolumetricClouds/T_NoiseShape64.ubulk" 650
"../../../Engine/Content/EngineSky/VolumetricClouds/T_NoiseShape64.uasset" 651
"../../../Engine/Content/EngineSky/VolumetricClouds/T_NoiseShape64.uexp" 652
"../../../Engine/Content/EngineSky/VolumetricClouds/T_VolumeNoiseShape64.uasset" 653
"../../../Engine/Content/EngineSky/VolumetricClouds/T_VolumeNoiseShape64.uexp" 654
"../../../Engine/Content/EngineSky/VolumetricClouds/T_NoiseErosion.ubulk" 655
"../../../Engine/Content/EngineSky/VolumetricClouds/T_NoiseErosion.uasset" 656
"../../../Engine/Content/EngineSky/VolumetricClouds/T_NoiseErosion.uexp" 657
"../../../Engine/Content/EngineSky/VolumetricClouds/T_VolumeNoiseErosion32.uasset" 658
"../../../Engine/Content/EngineSky/VolumetricClouds/T_VolumeNoiseErosion32.uexp" 659
"../../../Engine/Content/EngineSky/VolumetricClouds/m_SimpleVolumetricCloud.uasset" 660
"../../../Engine/Content/EngineSky/VolumetricClouds/m_SimpleVolumetricCloud.uexp" 661
"../../../Engine/Content/EngineSky/VolumetricClouds/m_SimpleVolumetricCloud_Inst.uasset" 662
"../../../Engine/Content/EngineSky/VolumetricClouds/m_SimpleVolumetricCloud_Inst.uexp" 663
"../../../Engine/Content/EngineResources/FilmGrains/Marcie_Grain_v3_128_M2_000.uasset" 664
"../../../Engine/Content/EngineResources/FilmGrains/Marcie_Grain_v3_128_M2_000.uexp" 665
"../../../Engine/Content/EngineMaterials/Substrate/Volume/SubstrateSimpleVolumeLUT3D.uasset" 666
"../../../Engine/Content/EngineMaterials/Substrate/Volume/SubstrateSimpleVolumeLUT3D.uexp" 667
"../../../Engine/Content/EngineMaterials/Substrate/Volume/SubstrateSimpleVolumeEnvLUT3D.uasset" 668
"../../../Engine/Content/EngineMaterials/Substrate/Volume/SubstrateSimpleVolumeEnvLUT3D.uexp" 669
"../../../Engine/Content/EngineMaterials/Substrate/GLints2/AGlintTex2dArray2.uasset" 670
"../../../Engine/Content/EngineMaterials/Substrate/GLints2/AGlintTex2dArray2.uexp" 671
"../../../Engine/Content/EngineMaterials/Substrate/GLints/AGlintTex2dArray.uasset" 672
"../../../Engine/Content/EngineMaterials/Substrate/GLints/AGlintTex2dArray.uexp" 673
"../../../Engine/Content/BasicShapes/Plane.ubulk" 674
"../../../Engine/Content/BasicShapes/Plane.uasset" 675
"../../../Engine/Content/BasicShapes/Plane.uexp" 676
"C:/Game Dev/Unreal Engine 5 Projects/Roller/Roller/Content/Blueprints/BP_LevelRoot.uasset" 677
"C:/Game Dev/Unreal Engine 5 Projects/Roller/Roller/Content/Blueprints/BP_LevelRoot.uexp" 678
"../../../Engine/Content/BasicShapes/BasicShapeMaterial.uasset" 679
"../../../Engine/Content/BasicShapes/BasicShapeMaterial.uexp" 680
"../../../Engine/Content/BasicShapes/Sphere.ubulk" 681
"../../../Engine/Content/BasicShapes/Sphere.uasset" 682
"../../../Engine/Content/BasicShapes/Sphere.uexp" 683
"C:/Game Dev/Unreal Engine 5 Projects/Roller/Roller/Content/Materials/BallMaterial.uasset" 684
"C:/Game Dev/Unreal Engine 5 Projects/Roller/Roller/Content/Materials/BallMaterial.uexp" 685
"C:/Game Dev/Unreal Engine 5 Projects/Roller/Roller/Content/StarterContent/Textures/T_Tech_Hex_Tile_N.ubulk" 686
"C:/Game Dev/Unreal Engine 5 Projects/Roller/Roller/Content/StarterContent/Textures/T_Tech_Hex_Tile_N.uasset" 687
"C:/Game Dev/Unreal Engine 5 Projects/Roller/Roller/Content/StarterContent/Textures/T_Tech_Hex_Tile_N.uexp" 688
"C:/Game Dev/Unreal Engine 5 Projects/Roller/Roller/Content/StarterContent/Textures/T_Tech_Hex_Tile_M.ubulk" 689
"C:/Game Dev/Unreal Engine 5 Projects/Roller/Roller/Content/StarterContent/Textures/T_Tech_Hex_Tile_M.uasset" 690
"C:/Game Dev/Unreal Engine 5 Projects/Roller/Roller/Content/StarterContent/Textures/T_Tech_Hex_Tile_M.uexp" 691
"C:/Game Dev/Unreal Engine 5 Projects/Roller/Roller/Content/StarterContent/Textures/T_MacroVariation.uasset" 692
"C:/Game Dev/Unreal Engine 5 Projects/Roller/Roller/Content/StarterContent/Textures/T_MacroVariation.uexp" 693
"C:/Game Dev/Unreal Engine 5 Projects/Roller/Roller/Content/StarterContent/Materials/M_Tech_Hex_Tile_Pulse.uasset" 694
"C:/Game Dev/Unreal Engine 5 Projects/Roller/Roller/Content/StarterContent/Materials/M_Tech_Hex_Tile_Pulse.uexp" 695
"C:/Game Dev/Unreal Engine 5 Projects/Roller/Roller/Content/Blueprints/BP_PlayerBall.uasset" 696
"C:/Game Dev/Unreal Engine 5 Projects/Roller/Roller/Content/Blueprints/BP_PlayerBall.uexp" 697
"C:/Game Dev/Unreal Engine 5 Projects/Roller/Roller/Content/Blueprints/BP_PlayerCamera.uasset" 698
"C:/Game Dev/Unreal Engine 5 Projects/Roller/Roller/Content/Blueprints/BP_PlayerCamera.uexp" 699
"C:/Game Dev/Unreal Engine 5 Projects/Roller/Roller/Content/Blueprints/BP_LevelWidget.uasset" 700
"C:/Game Dev/Unreal Engine 5 Projects/Roller/Roller/Content/Blueprints/BP_LevelWidget.uexp" 701
"C:/Game Dev/Unreal Engine 5 Projects/Roller/Roller/Content/Blueprints/BP_WinWidget.uasset" 702
"C:/Game Dev/Unreal Engine 5 Projects/Roller/Roller/Content/Blueprints/BP_WinWidget.uexp" 703
"C:/Game Dev/Unreal Engine 5 Projects/Roller/Roller/Content/Blueprints/BP_LevelController.uasset" 704
"C:/Game Dev/Unreal Engine 5 Projects/Roller/Roller/Content/Blueprints/BP_LevelController.uexp" 705
"C:/Game Dev/Unreal Engine 5 Projects/Roller/Roller/Content/Input/RotateLeft.uasset" 706
"C:/Game Dev/Unreal Engine 5 Projects/Roller/Roller/Content/Input/RotateLeft.uexp" 707
"C:/Game Dev/Unreal Engine 5 Projects/Roller/Roller/Content/Input/RollLeft.uasset" 708
"C:/Game Dev/Unreal Engine 5 Projects/Roller/Roller/Content/Input/RollLeft.uexp" 709
"C:/Game Dev/Unreal Engine 5 Projects/Roller/Roller/Content/Input/RotateForward.uasset" 710
"C:/Game Dev/Unreal Engine 5 Projects/Roller/Roller/Content/Input/RotateForward.uexp" 711
"C:/Game Dev/Unreal Engine 5 Projects/Roller/Roller/Content/Input/IA_Pause.uasset" 712
"C:/Game Dev/Unreal Engine 5 Projects/Roller/Roller/Content/Input/IA_Pause.uexp" 713
"C:/Game Dev/Unreal Engine 5 Projects/Roller/Roller/Content/Input/MapController.uasset" 714
"C:/Game Dev/Unreal Engine 5 Projects/Roller/Roller/Content/Input/MapController.uexp" 715
"C:/Game Dev/Unreal Engine 5 Projects/Roller/Roller/Content/Input/Restart.uasset" 716
"C:/Game Dev/Unreal Engine 5 Projects/Roller/Roller/Content/Input/Restart.uexp" 717
"C:/Game Dev/Unreal Engine 5 Projects/Roller/Roller/Content/Blueprints/BP_BaseLevel.uasset" 718
"C:/Game Dev/Unreal Engine 5 Projects/Roller/Roller/Content/Blueprints/BP_BaseLevel.uexp" 719
"C:/Game Dev/Unreal Engine 5 Projects/Roller/Roller/Content/Widgets/check_green.uasset" 720
"C:/Game Dev/Unreal Engine 5 Projects/Roller/Roller/Content/Widgets/check_green.uexp" 721
"C:/Game Dev/Unreal Engine 5 Projects/Roller/Roller/Content/Widgets/KeyboardMouse/Esc_Key_Dark.uasset" 722
"C:/Game Dev/Unreal Engine 5 Projects/Roller/Roller/Content/Widgets/KeyboardMouse/Esc_Key_Dark.uexp" 723
"C:/Game Dev/Unreal Engine 5 Projects/Roller/Roller/Content/Widgets/Xbox/XboxSeriesX_Menu.uasset" 724
"C:/Game Dev/Unreal Engine 5 Projects/Roller/Roller/Content/Widgets/Xbox/XboxSeriesX_Menu.uexp" 725
"C:/Game Dev/Unreal Engine 5 Projects/Roller/Roller/Content/Widgets/BP_PlayerHud.uasset" 726
"C:/Game Dev/Unreal Engine 5 Projects/Roller/Roller/Content/Widgets/BP_PlayerHud.uexp" 727
"C:/Game Dev/Unreal Engine 5 Projects/Roller/Roller/Content/Widgets/Buttons/Gray/Continue_192x48.uasset" 728
"C:/Game Dev/Unreal Engine 5 Projects/Roller/Roller/Content/Widgets/Buttons/Gray/Continue_192x48.uexp" 729
"C:/Game Dev/Unreal Engine 5 Projects/Roller/Roller/Content/Widgets/Buttons/Gray/Quit_Game_192x48.uasset" 730
"C:/Game Dev/Unreal Engine 5 Projects/Roller/Roller/Content/Widgets/Buttons/Gray/Quit_Game_192x48.uexp" 731
"C:/Game Dev/Unreal Engine 5 Projects/Roller/Roller/Content/Widgets/Buttons/Gray/Restart_192x48.uasset" 732
"C:/Game Dev/Unreal Engine 5 Projects/Roller/Roller/Content/Widgets/Buttons/Gray/Restart_192x48.uexp" 733
"C:/Game Dev/Unreal Engine 5 Projects/Roller/Roller/Content/Widgets/Buttons/Purple/Continue_192x48.uasset" 734
"C:/Game Dev/Unreal Engine 5 Projects/Roller/Roller/Content/Widgets/Buttons/Purple/Continue_192x48.uexp" 735
"C:/Game Dev/Unreal Engine 5 Projects/Roller/Roller/Content/Widgets/Buttons/Purple/Quit_Game_192x48.uasset" 736
"C:/Game Dev/Unreal Engine 5 Projects/Roller/Roller/Content/Widgets/Buttons/Purple/Quit_Game_192x48.uexp" 737
"C:/Game Dev/Unreal Engine 5 Projects/Roller/Roller/Content/Widgets/Buttons/Purple/Restart_192x48.uasset" 738
"C:/Game Dev/Unreal Engine 5 Projects/Roller/Roller/Content/Widgets/Buttons/Purple/Restart_192x48.uexp" 739
"C:/Game Dev/Unreal Engine 5 Projects/Roller/Roller/Content/Widgets/KeyboardMouse/A_Key_Dark.uasset" 740
"C:/Game Dev/Unreal Engine 5 Projects/Roller/Roller/Content/Widgets/KeyboardMouse/A_Key_Dark.uexp" 741
"C:/Game Dev/Unreal Engine 5 Projects/Roller/Roller/Content/Widgets/KeyboardMouse/D_Key_Dark.uasset" 742
"C:/Game Dev/Unreal Engine 5 Projects/Roller/Roller/Content/Widgets/KeyboardMouse/D_Key_Dark.uexp" 743
"C:/Game Dev/Unreal Engine 5 Projects/Roller/Roller/Content/Widgets/KeyboardMouse/E_Key_Dark.uasset" 744
"C:/Game Dev/Unreal Engine 5 Projects/Roller/Roller/Content/Widgets/KeyboardMouse/E_Key_Dark.uexp" 745
"C:/Game Dev/Unreal Engine 5 Projects/Roller/Roller/Content/Widgets/KeyboardMouse/Q_Key_Dark.uasset" 746
"C:/Game Dev/Unreal Engine 5 Projects/Roller/Roller/Content/Widgets/KeyboardMouse/Q_Key_Dark.uexp" 747
"C:/Game Dev/Unreal Engine 5 Projects/Roller/Roller/Content/Widgets/KeyboardMouse/S_Key_Dark.uasset" 748
"C:/Game Dev/Unreal Engine 5 Projects/Roller/Roller/Content/Widgets/KeyboardMouse/S_Key_Dark.uexp" 749
"C:/Game Dev/Unreal Engine 5 Projects/Roller/Roller/Content/Widgets/KeyboardMouse/W_Key_Dark.uasset" 750
"C:/Game Dev/Unreal Engine 5 Projects/Roller/Roller/Content/Widgets/KeyboardMouse/W_Key_Dark.uexp" 751
"C:/Game Dev/Unreal Engine 5 Projects/Roller/Roller/Content/Widgets/Xbox/XboxSeriesX_LB.uasset" 752
"C:/Game Dev/Unreal Engine 5 Projects/Roller/Roller/Content/Widgets/Xbox/XboxSeriesX_LB.uexp" 753
"C:/Game Dev/Unreal Engine 5 Projects/Roller/Roller/Content/Widgets/Xbox/XboxSeriesX_Left_Stick.uasset" 754
"C:/Game Dev/Unreal Engine 5 Projects/Roller/Roller/Content/Widgets/Xbox/XboxSeriesX_Left_Stick.uexp" 755
"C:/Game Dev/Unreal Engine 5 Projects/Roller/Roller/Content/Widgets/Xbox/XboxSeriesX_RB.uasset" 756
"C:/Game Dev/Unreal Engine 5 Projects/Roller/Roller/Content/Widgets/Xbox/XboxSeriesX_RB.uexp" 757
"C:/Game Dev/Unreal Engine 5 Projects/Roller/Roller/Content/Widgets/BP_PauseWidget.uasset" 758
"C:/Game Dev/Unreal Engine 5 Projects/Roller/Roller/Content/Widgets/BP_PauseWidget.uexp" 759
"C:/Game Dev/Unreal Engine 5 Projects/Roller/Roller/Content/Blueprints/BP_RollerGameMode.uasset" 760
"C:/Game Dev/Unreal Engine 5 Projects/Roller/Roller/Content/Blueprints/BP_RollerGameMode.uexp" 761
"C:/Game Dev/Unreal Engine 5 Projects/Roller/Roller/Content/Input/RestartController.uasset" 762
"C:/Game Dev/Unreal Engine 5 Projects/Roller/Roller/Content/Input/RestartController.uexp" 763
"C:/Game Dev/Unreal Engine 5 Projects/Roller/Roller/Content/Blueprints/BP_EndWidget.uasset" 764
"C:/Game Dev/Unreal Engine 5 Projects/Roller/Roller/Content/Blueprints/BP_EndWidget.uexp" 765
"C:/Game Dev/Unreal Engine 5 Projects/Roller/Roller/Content/Blueprints/BP_RollerGameInstance.uasset" 766
"C:/Game Dev/Unreal Engine 5 Projects/Roller/Roller/Content/Blueprints/BP_RollerGameInstance.uexp" 767
"C:/Game Dev/Unreal Engine 5 Projects/Roller/Roller/Content/Sounds/Magic_Missile_Launches-yoyosound_com.ubulk" 768
"C:/Game Dev/Unreal Engine 5 Projects/Roller/Roller/Content/Sounds/Magic_Missile_Launches-yoyosound_com.uasset" 769
"C:/Game Dev/Unreal Engine 5 Projects/Roller/Roller/Content/Sounds/Magic_Missile_Launches-yoyosound_com.uexp" 770
"C:/Game Dev/Unreal Engine 5 Projects/Roller/Roller/Content/Materials/GlowMaterial.uasset" 771
"C:/Game Dev/Unreal Engine 5 Projects/Roller/Roller/Content/Materials/GlowMaterial.uexp" 772
"C:/Game Dev/Unreal Engine 5 Projects/Roller/Roller/Content/Materials/GlowMaterial_Red.uasset" 773
"C:/Game Dev/Unreal Engine 5 Projects/Roller/Roller/Content/Materials/GlowMaterial_Red.uexp" 774
"C:/Game Dev/Unreal Engine 5 Projects/Roller/Roller/Content/Materials/GlowMaterial_Blue.uasset" 775
"C:/Game Dev/Unreal Engine 5 Projects/Roller/Roller/Content/Materials/GlowMaterial_Blue.uexp" 776
"C:/Game Dev/Unreal Engine 5 Projects/Roller/Roller/Content/Blueprints/BP_Target.uasset" 777
"C:/Game Dev/Unreal Engine 5 Projects/Roller/Roller/Content/Blueprints/BP_Target.uexp" 778
"C:/Game Dev/Unreal Engine 5 Projects/Roller/Roller/Content/Sounds/First_break.ubulk" 779
"C:/Game Dev/Unreal Engine 5 Projects/Roller/Roller/Content/Sounds/First_break.uasset" 780
"C:/Game Dev/Unreal Engine 5 Projects/Roller/Roller/Content/Sounds/First_break.uexp" 781
"C:/Game Dev/Unreal Engine 5 Projects/Roller/Roller/Content/Materials/GlowMaterial_Aqua.uasset" 782
"C:/Game Dev/Unreal Engine 5 Projects/Roller/Roller/Content/Materials/GlowMaterial_Aqua.uexp" 783
"C:/Game Dev/Unreal Engine 5 Projects/Roller/Roller/Content/Blueprints/BP_Switch.uasset" 784
"C:/Game Dev/Unreal Engine 5 Projects/Roller/Roller/Content/Blueprints/BP_Switch.uexp" 785
"C:/Game Dev/Unreal Engine 5 Projects/Roller/Roller/Content/_GENERATED/zedan/Box_35D8A484.ubulk" 786
"C:/Game Dev/Unreal Engine 5 Projects/Roller/Roller/Content/_GENERATED/zedan/Box_35D8A484.uasset" 787
"C:/Game Dev/Unreal Engine 5 Projects/Roller/Roller/Content/_GENERATED/zedan/Box_35D8A484.uexp" 788
"../../../Engine/Content/Engine_MI_Shaders/T_Normal.uasset" 789
"../../../Engine/Content/Engine_MI_Shaders/T_Normal.uexp" 790
"../../../Engine/Content/Functions/Engine_MaterialFunctions01/Shading/PowerToRoughness.uasset" 791
"../../../Engine/Content/Functions/Engine_MaterialFunctions01/Shading/PowerToRoughness.uexp" 792
"../../../Engine/Content/Functions/Engine_MaterialFunctions01/Shading/ConvertFromDiffSpec.uasset" 793
"../../../Engine/Content/Functions/Engine_MaterialFunctions01/Shading/ConvertFromDiffSpec.uexp" 794
"../../../Engine/Content/Engine_MI_Shaders/T_Emissive.uasset" 795
"../../../Engine/Content/Engine_MI_Shaders/T_Emissive.uexp" 796
"../../../Engine/Content/Engine_MI_Shaders/T_Specular.uasset" 797
"../../../Engine/Content/Engine_MI_Shaders/T_Specular.uexp" 798
"../../../Engine/Content/Engine_MI_Shaders/T_Reflection.uasset" 799
"../../../Engine/Content/Engine_MI_Shaders/T_Reflection.uexp" 800
"C:/Game Dev/Unreal Engine 5 Projects/Roller/Roller/Content/Materials/TranslucentMaterial.uasset" 801
"C:/Game Dev/Unreal Engine 5 Projects/Roller/Roller/Content/Materials/TranslucentMaterial.uexp" 802
"../../../Engine/Content/EngineMaterials/DefaultPhysicalMaterial.uasset" 803
"../../../Engine/Content/EngineMaterials/DefaultPhysicalMaterial.uexp" 804
"../../../Engine/Content/EngineMaterials/BlendFunc_DefBlend.uasset" 805
"../../../Engine/Content/EngineMaterials/BlendFunc_DefBlend.uexp" 806
"../../../Engine/Content/OpenWorldTemplate/LandscapeMaterial/T_GridChecker_A.ubulk" 807
"../../../Engine/Content/OpenWorldTemplate/LandscapeMaterial/T_GridChecker_A.uasset" 808
"../../../Engine/Content/OpenWorldTemplate/LandscapeMaterial/T_GridChecker_A.uexp" 809
"../../../Engine/Content/EngineMaterials/BlendFunc_DefBase.uasset" 810
"../../../Engine/Content/EngineMaterials/BlendFunc_DefBase.uexp" 811
"../../../Engine/Content/Functions/Engine_MaterialFunctions03/Blends/Blend_Overlay.uasset" 812
"../../../Engine/Content/Functions/Engine_MaterialFunctions03/Blends/Blend_Overlay.uexp" 813
"../../../Engine/Content/Functions/Engine_MaterialFunctions01/Gradient/LinearGradient.uasset" 814
"../../../Engine/Content/Functions/Engine_MaterialFunctions01/Gradient/LinearGradient.uexp" 815
"../../../Engine/Content/Functions/Engine_MaterialFunctions01/ImageAdjustment/CheapContrast.uasset" 816
"../../../Engine/Content/Functions/Engine_MaterialFunctions01/ImageAdjustment/CheapContrast.uexp" 817
"../../../Engine/Content/OpenWorldTemplate/LandscapeMaterial/MF_ProcGrid.uasset" 818
"../../../Engine/Content/OpenWorldTemplate/LandscapeMaterial/MF_ProcGrid.uexp" 819
"../../../Engine/Content/OpenWorldTemplate/LandscapeMaterial/M_ProcGrid.uasset" 820
"../../../Engine/Content/OpenWorldTemplate/LandscapeMaterial/M_ProcGrid.uexp" 821
"../../../Engine/Content/EngineSky/T_Sky_Stars.ubulk" 822
"../../../Engine/Content/EngineSky/T_Sky_Stars.uasset" 823
"../../../Engine/Content/EngineSky/T_Sky_Stars.uexp" 824
"../../../Engine/Content/EngineSky/T_Sky_Clouds_M.ubulk" 825
"../../../Engine/Content/EngineSky/T_Sky_Clouds_M.uasset" 826
"../../../Engine/Content/EngineSky/T_Sky_Clouds_M.uexp" 827
"../../../Engine/Content/EngineSky/T_Sky_Blue.ubulk" 828
"../../../Engine/Content/EngineSky/T_Sky_Blue.uasset" 829
"../../../Engine/Content/EngineSky/T_Sky_Blue.uexp" 830
"../../../Engine/Content/EngineSky/M_Sky_Panning_Clouds2.uasset" 831
"../../../Engine/Content/EngineSky/M_Sky_Panning_Clouds2.uexp" 832
"../../../Engine/Content/EngineSky/SM_SkySphere.ubulk" 833
"../../../Engine/Content/EngineSky/SM_SkySphere.uasset" 834
"../../../Engine/Content/EngineSky/SM_SkySphere.uexp" 835
"../../../Engine/Content/EngineSky/M_SimpleSkyDome.uasset" 836
"../../../Engine/Content/EngineSky/M_SimpleSkyDome.uexp" 837
"../../../Engine/Content/Functions/Engine_MaterialFunctions02/Utility/MakeFloat4.uasset" 838
"../../../Engine/Content/Functions/Engine_MaterialFunctions02/Utility/MakeFloat4.uexp" 839
"C:/Game Dev/Unreal Engine 5 Projects/Roller/Roller/Content/Materials/HighlightMaterial.uasset" 840
"C:/Game Dev/Unreal Engine 5 Projects/Roller/Roller/Content/Materials/HighlightMaterial.uexp" 841
"../../../Engine/Content/Maps/Entry_BuiltData.uasset" 842
"../../../Engine/Content/Maps/Entry_BuiltData.uexp" 843
"../../../Engine/Content/Maps/Entry.uexp" 844
"../../../Engine/Content/Maps/Entry.umap" 845
"C:/Game Dev/Unreal Engine 5 Projects/Roller/Roller/Content/Maps/Level05.uexp" 846
"C:/Game Dev/Unreal Engine 5 Projects/Roller/Roller/Content/Maps/Level05.umap" 847
"C:/Game Dev/Unreal Engine 5 Projects/Roller/Roller/Content/Maps/Level04.uexp" 848
"C:/Game Dev/Unreal Engine 5 Projects/Roller/Roller/Content/Maps/Level04.umap" 849
"C:/Game Dev/Unreal Engine 5 Projects/Roller/Roller/Content/Maps/Level03.uexp" 850
"C:/Game Dev/Unreal Engine 5 Projects/Roller/Roller/Content/Maps/Level03.umap" 851
"C:/Game Dev/Unreal Engine 5 Projects/Roller/Roller/Content/Maps/Level02.uexp" 852
"C:/Game Dev/Unreal Engine 5 Projects/Roller/Roller/Content/Maps/Level02.umap" 853
"C:/Game Dev/Unreal Engine 5 Projects/Roller/Roller/Content/Maps/Level01.uexp" 854
"C:/Game Dev/Unreal Engine 5 Projects/Roller/Roller/Content/Maps/Level01.umap" 855
"C:/Game Dev/Unreal Engine 5 Projects/Roller/Roller/Content/Maps/Level04/_Generated_/08AELGBQ127TK4PI8H6MESG1W.uexp" 856
"C:/Game Dev/Unreal Engine 5 Projects/Roller/Roller/Content/Maps/Level04/_Generated_/08AELGBQ127TK4PI8H6MESG1W.umap" 857
"C:/Game Dev/Unreal Engine 5 Projects/Roller/Roller/Content/Maps/Level04/_Generated_/9ZERA3UUVYXOL180KJD2UYH9X.uexp" 858
"C:/Game Dev/Unreal Engine 5 Projects/Roller/Roller/Content/Maps/Level04/_Generated_/9ZERA3UUVYXOL180KJD2UYH9X.umap" 859
"C:/Game Dev/Unreal Engine 5 Projects/Roller/Roller/Content/Maps/Level05/_Generated_/7PSTK0QAHLZLDTXZV4LLJHO27.uexp" 860
"C:/Game Dev/Unreal Engine 5 Projects/Roller/Roller/Content/Maps/Level05/_Generated_/7PSTK0QAHLZLDTXZV4LLJHO27.umap" 861
"C:/Game Dev/Unreal Engine 5 Projects/Roller/Roller/Content/Maps/Level05/_Generated_/32WTIJ4Q9LWE26U3DE3UWK002.uexp" 862
"C:/Game Dev/Unreal Engine 5 Projects/Roller/Roller/Content/Maps/Level05/_Generated_/32WTIJ4Q9LWE26U3DE3UWK002.umap" 863
"C:/Game Dev/Unreal Engine 5 Projects/Roller/Roller/Content/Maps/Level01/_Generated_/6CPBT204TSX9J48I274WY5KL6.uexp" 864
"C:/Game Dev/Unreal Engine 5 Projects/Roller/Roller/Content/Maps/Level01/_Generated_/6CPBT204TSX9J48I274WY5KL6.umap" 865
"C:/Game Dev/Unreal Engine 5 Projects/Roller/Roller/Content/Maps/Level01/_Generated_/9OPSG9AOH662GI8JAIZYUG1K6.uexp" 866
"C:/Game Dev/Unreal Engine 5 Projects/Roller/Roller/Content/Maps/Level01/_Generated_/9OPSG9AOH662GI8JAIZYUG1K6.umap" 867
"C:/Game Dev/Unreal Engine 5 Projects/Roller/Roller/Content/Maps/Level02/_Generated_/2CSA3PRTCAB0EV6Q2EPP9ZQO5.uexp" 868
"C:/Game Dev/Unreal Engine 5 Projects/Roller/Roller/Content/Maps/Level02/_Generated_/2CSA3PRTCAB0EV6Q2EPP9ZQO5.umap" 869
"C:/Game Dev/Unreal Engine 5 Projects/Roller/Roller/Content/Maps/Level02/_Generated_/8NCSU7Z1FP336AK5S8HTPS7SN.uexp" 870
"C:/Game Dev/Unreal Engine 5 Projects/Roller/Roller/Content/Maps/Level02/_Generated_/8NCSU7Z1FP336AK5S8HTPS7SN.umap" 871
"C:/Game Dev/Unreal Engine 5 Projects/Roller/Roller/Content/Maps/Level03/_Generated_/92A6457B2HQ2FOGCDEEDVM3SU.uexp" 872
"C:/Game Dev/Unreal Engine 5 Projects/Roller/Roller/Content/Maps/Level03/_Generated_/92A6457B2HQ2FOGCDEEDVM3SU.umap" 873
"C:/Game Dev/Unreal Engine 5 Projects/Roller/Roller/Content/Maps/Level03/_Generated_/55MU0RU7G5STG3FVUWY8UY04B.uexp" 874
"C:/Game Dev/Unreal Engine 5 Projects/Roller/Roller/Content/Maps/Level03/_Generated_/55MU0RU7G5STG3FVUWY8UY04B.umap" 875
